[     781ms] [INFO] %cDownload the React DevTools for a better development experience: https://react.dev/link/react-devtools font-weight:bold @ webpack-internal:///(app-pages-browser)/./node_modules/next/dist/compiled/react-dom/cjs/react-dom-client.development.js:25630
[    1299ms] [LOG] [Auth] Synced user ID to userManager on init: f62f4ec5-1874-4821-97e9-b2c70b35805d @ webpack-internal:///(app-pages-browser)/./lib/store/auth-store.ts:59
[  525131ms] [INFO] %cDownload the React DevTools for a better development experience: https://react.dev/link/react-devtools font-weight:bold @ webpack-internal:///(app-pages-browser)/./node_modules/next/dist/compiled/react-dom/cjs/react-dom-client.development.js:25630
[  525662ms] [LOG] [Auth] Synced user ID to userManager on init: f62f4ec5-1874-4821-97e9-b2c70b35805d @ webpack-internal:///(app-pages-browser)/./lib/store/auth-store.ts:59
[  525698ms] [LOG] [Chat] Store conversation changed: 63d28fe3-637f-488d-a2b9-df4f86be47e3 @ webpack-internal:///(app-pages-browser)/./app/chat/page.tsx:158
[  525700ms] [WARNING] WebSocket connection to 'ws://localhost:8000/ws/chat' failed: WebSocket is closed before the connection is established. @ webpack-internal:///(app-pages-browser)/./lib/chat-transport.ts:56
[  525702ms] [LOG] [Chat] Store conversation changed: 63d28fe3-637f-488d-a2b9-df4f86be47e3 @ webpack-internal:///(app-pages-browser)/./app/chat/page.tsx:158
[  525714ms] [ERROR] [ChatTransport] WebSocket error: Event @ webpack-internal:///(app-pages-browser)/./node_modules/next/dist/next-devtools/userspace/app/errors/intercept-console-error.js:56
[  525715ms] [ERROR] Event @ webpack-internal:///(app-pages-browser)/./node_modules/next/dist/next-devtools/userspace/app/errors/intercept-console-error.js:56
[  525715ms] [LOG] [ChatTransport] WebSocket disconnected 1006  @ webpack-internal:///(app-pages-browser)/./lib/chat-transport.ts:36
[  525715ms] [LOG] [ChatTransport] Reconnecting... (1/5) @ webpack-internal:///(app-pages-browser)/./lib/chat-transport.ts:41
[  525789ms] [LOG] [Chat] User initialized: f62f4ec5-1874-4821-97e9-b2c70b35805d @ webpack-internal:///(app-pages-browser)/./app/chat/page.tsx:51
[  525794ms] [LOG] [Chat] User ID set to transport: f62f4ec5-1874-4821-97e9-b2c70b35805d @ webpack-internal:///(app-pages-browser)/./app/chat/page.tsx:94
[  525795ms] [LOG] [Chat] User initialized: f62f4ec5-1874-4821-97e9-b2c70b35805d @ webpack-internal:///(app-pages-browser)/./app/chat/page.tsx:51
[  526013ms] [LOG] [ChatTransport] WebSocket connected @ webpack-internal:///(app-pages-browser)/./lib/chat-transport.ts:25
[  527037ms] [LOG] [ChatTransport] WebSocket connected @ webpack-internal:///(app-pages-browser)/./lib/chat-transport.ts:25
[  537724ms] [LOG] [ChatTransport] sendMessage called, content: 刚才聊了什么 @ webpack-internal:///(app-pages-browser)/./lib/chat-transport.ts:81
[  537724ms] [LOG] [ChatTransport] isConnected: true ws.readyState: 1 @ webpack-internal:///(app-pages-browser)/./lib/chat-transport.ts:82
[  537725ms] [LOG] [ChatTransport] has_image: false @ webpack-internal:///(app-pages-browser)/./lib/chat-transport.ts:83
[  537725ms] [LOG] [ChatTransport] Sending WebSocket message: msg_1775805113172_2imxo6c 刚才聊了什么 @ webpack-internal:///(app-pages-browser)/./lib/chat-transport.ts:100
[  537725ms] [LOG] [ChatTransport] send() called, isConnected: true readyState: 1 @ webpack-internal:///(app-pages-browser)/./lib/chat-transport.ts:69
[  537725ms] [LOG] [ChatTransport] Sending WebSocket data: {"type":"message","session_id":"session_1775805101148_30x7b3b","conversation_id":"63d28fe3-637f-488d-a2b9-df4f86be47e3","user_id":"f62f4ec5-1874-4821-97e9-b2c70b35805d","content":"刚才聊了什么","has_image":false} @ webpack-internal:///(app-pages-browser)/./lib/chat-transport.ts:71
[  542107ms] [LOG] [ChatTransport] Received WebSocket response: {"type":"delta","content":"根据","error":null,"message_id":"7a7786f9-a4c2-4fed-9abb-1c076903bbd5","conversation_id":null,"itinerary":null} @ webpack-internal:///(app-pages-browser)/./lib/chat-transport.ts:103
[  542285ms] [LOG] [ChatTransport] Received WebSocket response: {"type":"delta","content":"我们的","error":null,"message_id":"7a7786f9-a4c2-4fed-9abb-1c076903bbd5","conversation_id":null,"itinerary":null} @ webpack-internal:///(app-pages-browser)/./lib/chat-transport.ts:103
[  542346ms] [LOG] [ChatTransport] Received WebSocket response: {"type":"delta","content":"对话","error":null,"message_id":"7a7786f9-a4c2-4fed-9abb-1c076903bbd5","conversation_id":null,"itinerary":null} @ webpack-internal:///(app-pages-browser)/./lib/chat-transport.ts:103
[  542355ms] [LOG] [ChatTransport] Received WebSocket response: {"type":"delta","content":"记录","error":null,"message_id":"7a7786f9-a4c2-4fed-9abb-1c076903bbd5","conversation_id":null,"itinerary":null} @ webpack-internal:///(app-pages-browser)/./lib/chat-transport.ts:103
[  542370ms] [LOG] [ChatTransport] Received WebSocket response: {"type":"delta","content":"，","error":null,"message_id":"7a7786f9-a4c2-4fed-9abb-1c076903bbd5","conversation_id":null,"itinerary":null} @ webpack-internal:///(app-pages-browser)/./lib/chat-transport.ts:103
[  542375ms] [LOG] [ChatTransport] Received WebSocket response: {"type":"delta","content":"我们","error":null,"message_id":"7a7786f9-a4c2-4fed-9abb-1c076903bbd5","conversation_id":null,"itinerary":null} @ webpack-internal:///(app-pages-browser)/./lib/chat-transport.ts:103
[  542415ms] [LOG] [ChatTransport] Received WebSocket response: {"type":"delta","content":"刚才","error":null,"message_id":"7a7786f9-a4c2-4fed-9abb-1c076903bbd5","conversation_id":null,"itinerary":null} @ webpack-internal:///(app-pages-browser)/./lib/chat-transport.ts:103
[  542425ms] [LOG] [ChatTransport] Received WebSocket response: {"type":"delta","content":"聊","error":null,"message_id":"7a7786f9-a4c2-4fed-9abb-1c076903bbd5","conversation_id":null,"itinerary":null} @ webpack-internal:///(app-pages-browser)/./lib/chat-transport.ts:103
[  542474ms] [LOG] [ChatTransport] Received WebSocket response: {"type":"delta","content":"了","error":null,"message_id":"7a7786f9-a4c2-4fed-9abb-1c076903bbd5","conversation_id":null,"itinerary":null} @ webpack-internal:///(app-pages-browser)/./lib/chat-transport.ts:103
[  542479ms] [LOG] [ChatTransport] Received WebSocket response: {"type":"delta","content":"以下","error":null,"message_id":"7a7786f9-a4c2-4fed-9abb-1c076903bbd5","conversation_id":null,"itinerary":null} @ webpack-internal:///(app-pages-browser)/./lib/chat-transport.ts:103
[  542514ms] [LOG] [ChatTransport] Received WebSocket response: {"type":"delta","content":"内容","error":null,"message_id":"7a7786f9-a4c2-4fed-9abb-1c076903bbd5","conversation_id":null,"itinerary":null} @ webpack-internal:///(app-pages-browser)/./lib/chat-transport.ts:103
[  542520ms] [LOG] [ChatTransport] Received WebSocket response: {"type":"delta","content":"：\n\n","error":null,"message_id":"7a7786f9-a4c2-4fed-9abb-1c076903bbd5","conversation_id":null,"itinerary":null} @ webpack-internal:///(app-pages-browser)/./lib/chat-transport.ts:103
[  542562ms] [LOG] [ChatTransport] Received WebSocket response: {"type":"delta","content":"##","error":null,"message_id":"7a7786f9-a4c2-4fed-9abb-1c076903bbd5","conversation_id":null,"itinerary":null} @ webpack-internal:///(app-pages-browser)/./lib/chat-transport.ts:103
[  542714ms] [LOG] [ChatTransport] Received WebSocket response: {"type":"delta","content":" 📋","error":null,"message_id":"7a7786f9-a4c2-4fed-9abb-1c076903bbd5","conversation_id":null,"itinerary":null} @ webpack-internal:///(app-pages-browser)/./lib/chat-transport.ts:103
[  542721ms] [LOG] [ChatTransport] Received WebSocket response: {"type":"delta","content":" **","error":null,"message_id":"7a7786f9-a4c2-4fed-9abb-1c076903bbd5","conversation_id":null,"itinerary":null} @ webpack-internal:///(app-pages-browser)/./lib/chat-transport.ts:103
[  542729ms] [LOG] [ChatTransport] Received WebSocket response: {"type":"delta","content":"对话","error":null,"message_id":"7a7786f9-a4c2-4fed-9abb-1c076903bbd5","conversation_id":null,"itinerary":null} @ webpack-internal:///(app-pages-browser)/./lib/chat-transport.ts:103
[  542729ms] [LOG] [ChatTransport] Received WebSocket response: {"type":"delta","content":"回顾","error":null,"message_id":"7a7786f9-a4c2-4fed-9abb-1c076903bbd5","conversation_id":null,"itinerary":null} @ webpack-internal:///(app-pages-browser)/./lib/chat-transport.ts:103
[  542729ms] [LOG] [ChatTransport] Received WebSocket response: {"type":"delta","content":"**\n\n","error":null,"message_id":"7a7786f9-a4c2-4fed-9abb-1c076903bbd5","conversation_id":null,"itinerary":null} @ webpack-internal:///(app-pages-browser)/./lib/chat-transport.ts:103
[  542729ms] [LOG] [ChatTransport] Received WebSocket response: {"type":"delta","content":"###","error":null,"message_id":"7a7786f9-a4c2-4fed-9abb-1c076903bbd5","conversation_id":null,"itinerary":null} @ webpack-internal:///(app-pages-browser)/./lib/chat-transport.ts:103
[  542762ms] [LOG] [ChatTransport] Received WebSocket response: {"type":"delta","content":" **","error":null,"message_id":"7a7786f9-a4c2-4fed-9abb-1c076903bbd5","conversation_id":null,"itinerary":null} @ webpack-internal:///(app-pages-browser)/./lib/chat-transport.ts:103
[  542768ms] [LOG] [ChatTransport] Received WebSocket response: {"type":"delta","content":"1","error":null,"message_id":"7a7786f9-a4c2-4fed-9abb-1c076903bbd5","conversation_id":null,"itinerary":null} @ webpack-internal:///(app-pages-browser)/./lib/chat-transport.ts:103
[  542809ms] [LOG] [ChatTransport] Received WebSocket response: {"type":"delta","content":".","error":null,"message_id":"7a7786f9-a4c2-4fed-9abb-1c076903bbd5","conversation_id":null,"itinerary":null} @ webpack-internal:///(app-pages-browser)/./lib/chat-transport.ts:103
[  542816ms] [LOG] [ChatTransport] Received WebSocket response: {"type":"delta","content":" ","error":null,"message_id":"7a7786f9-a4c2-4fed-9abb-1c076903bbd5","conversation_id":null,"itinerary":null} @ webpack-internal:///(app-pages-browser)/./lib/chat-transport.ts:103
[  542855ms] [LOG] [ChatTransport] Received WebSocket response: {"type":"delta","content":"杭州","error":null,"message_id":"7a7786f9-a4c2-4fed-9abb-1c076903bbd5","conversation_id":null,"itinerary":null} @ webpack-internal:///(app-pages-browser)/./lib/chat-transport.ts:103
[  542862ms] [LOG] [ChatTransport] Received WebSocket response: {"type":"delta","content":"3","error":null,"message_id":"7a7786f9-a4c2-4fed-9abb-1c076903bbd5","conversation_id":null,"itinerary":null} @ webpack-internal:///(app-pages-browser)/./lib/chat-transport.ts:103
[  542902ms] [LOG] [ChatTransport] Received WebSocket response: {"type":"delta","content":"天","error":null,"message_id":"7a7786f9-a4c2-4fed-9abb-1c076903bbd5","conversation_id":null,"itinerary":null} @ webpack-internal:///(app-pages-browser)/./lib/chat-transport.ts:103
[  542909ms] [LOG] [ChatTransport] Received WebSocket response: {"type":"delta","content":"2","error":null,"message_id":"7a7786f9-a4c2-4fed-9abb-1c076903bbd5","conversation_id":null,"itinerary":null} @ webpack-internal:///(app-pages-browser)/./lib/chat-transport.ts:103
[  542947ms] [LOG] [ChatTransport] Received WebSocket response: {"type":"delta","content":"夜","error":null,"message_id":"7a7786f9-a4c2-4fed-9abb-1c076903bbd5","conversation_id":null,"itinerary":null} @ webpack-internal:///(app-pages-browser)/./lib/chat-transport.ts:103
[  542955ms] [LOG] [ChatTransport] Received WebSocket response: {"type":"delta","content":"行程","error":null,"message_id":"7a7786f9-a4c2-4fed-9abb-1c076903bbd5","conversation_id":null,"itinerary":null} @ webpack-internal:///(app-pages-browser)/./lib/chat-transport.ts:103
[  543029ms] [LOG] [ChatTransport] Received WebSocket response: {"type":"delta","content":"规划","error":null,"message_id":"7a7786f9-a4c2-4fed-9abb-1c076903bbd5","conversation_id":null,"itinerary":null} @ webpack-internal:///(app-pages-browser)/./lib/chat-transport.ts:103
[  543037ms] [LOG] [ChatTransport] Received WebSocket response: {"type":"delta","content":"**\n","error":null,"message_id":"7a7786f9-a4c2-4fed-9abb-1c076903bbd5","conversation_id":null,"itinerary":null} @ webpack-internal:///(app-pages-browser)/./lib/chat-transport.ts:103
[  543058ms] [LOG] [ChatTransport] Received WebSocket response: {"type":"delta","content":"我","error":null,"message_id":"7a7786f9-a4c2-4fed-9abb-1c076903bbd5","conversation_id":null,"itinerary":null} @ webpack-internal:///(app-pages-browser)/./lib/chat-transport.ts:103
[  543124ms] [LOG] [ChatTransport] Received WebSocket response: {"type":"delta","content":"为您","error":null,"message_id":"7a7786f9-a4c2-4fed-9abb-1c076903bbd5","conversation_id":null,"itinerary":null} @ webpack-internal:///(app-pages-browser)/./lib/chat-transport.ts:103
[  543133ms] [LOG] [ChatTransport] Received WebSocket response: {"type":"delta","content":"详细","error":null,"message_id":"7a7786f9-a4c2-4fed-9abb-1c076903bbd5","conversation_id":null,"itinerary":null} @ webpack-internal:///(app-pages-browser)/./lib/chat-transport.ts:103
[  543163ms] [LOG] [ChatTransport] Received WebSocket response: {"type":"delta","content":"规划","error":null,"message_id":"7a7786f9-a4c2-4fed-9abb-1c076903bbd5","conversation_id":null,"itinerary":null} @ webpack-internal:///(app-pages-browser)/./lib/chat-transport.ts:103
[  543169ms] [LOG] [ChatTransport] Received WebSocket response: {"type":"delta","content":"了一个","error":null,"message_id":"7a7786f9-a4c2-4fed-9abb-1c076903bbd5","conversation_id":null,"itinerary":null} @ webpack-internal:///(app-pages-browser)/./lib/chat-transport.ts:103
[  543194ms] [LOG] [ChatTransport] Received WebSocket response: {"type":"delta","content":"杭州","error":null,"message_id":"7a7786f9-a4c2-4fed-9abb-1c076903bbd5","conversation_id":null,"itinerary":null} @ webpack-internal:///(app-pages-browser)/./lib/chat-transport.ts:103
[  543194ms] [LOG] [ChatTransport] Received WebSocket response: {"type":"delta","content":"3","error":null,"message_id":"7a7786f9-a4c2-4fed-9abb-1c076903bbd5","conversation_id":null,"itinerary":null} @ webpack-internal:///(app-pages-browser)/./lib/chat-transport.ts:103
[  543249ms] [LOG] [ChatTransport] Received WebSocket response: {"type":"delta","content":"天","error":null,"message_id":"7a7786f9-a4c2-4fed-9abb-1c076903bbd5","conversation_id":null,"itinerary":null} @ webpack-internal:///(app-pages-browser)/./lib/chat-transport.ts:103
[  543259ms] [LOG] [ChatTransport] Received WebSocket response: {"type":"delta","content":"2","error":null,"message_id":"7a7786f9-a4c2-4fed-9abb-1c076903bbd5","conversation_id":null,"itinerary":null} @ webpack-internal:///(app-pages-browser)/./lib/chat-transport.ts:103
[  543296ms] [LOG] [ChatTransport] Received WebSocket response: {"type":"delta","content":"夜的","error":null,"message_id":"7a7786f9-a4c2-4fed-9abb-1c076903bbd5","conversation_id":null,"itinerary":null} @ webpack-internal:///(app-pages-browser)/./lib/chat-transport.ts:103
[  543305ms] [LOG] [ChatTransport] Received WebSocket response: {"type":"delta","content":"旅行","error":null,"message_id":"7a7786f9-a4c2-4fed-9abb-1c076903bbd5","conversation_id":null,"itinerary":null} @ webpack-internal:///(app-pages-browser)/./lib/chat-transport.ts:103
[  543345ms] [LOG] [ChatTransport] Received WebSocket response: {"type":"delta","content":"行程","error":null,"message_id":"7a7786f9-a4c2-4fed-9abb-1c076903bbd5","conversation_id":null,"itinerary":null} @ webpack-internal:///(app-pages-browser)/./lib/chat-transport.ts:103
[  543351ms] [LOG] [ChatTransport] Received WebSocket response: {"type":"delta","content":"，","error":null,"message_id":"7a7786f9-a4c2-4fed-9abb-1c076903bbd5","conversation_id":null,"itinerary":null} @ webpack-internal:///(app-pages-browser)/./lib/chat-transport.ts:103
[  543393ms] [LOG] [ChatTransport] Received WebSocket response: {"type":"delta","content":"包括","error":null,"message_id":"7a7786f9-a4c2-4fed-9abb-1c076903bbd5","conversation_id":null,"itinerary":null} @ webpack-internal:///(app-pages-browser)/./lib/chat-transport.ts:103
[  543401ms] [LOG] [ChatTransport] Received WebSocket response: {"type":"delta","content":"：\n","error":null,"message_id":"7a7786f9-a4c2-4fed-9abb-1c076903bbd5","conversation_id":null,"itinerary":null} @ webpack-internal:///(app-pages-browser)/./lib/chat-transport.ts:103
[  543454ms] [LOG] [ChatTransport] Received WebSocket response: {"type":"delta","content":"-","error":null,"message_id":"7a7786f9-a4c2-4fed-9abb-1c076903bbd5","conversation_id":null,"itinerary":null} @ webpack-internal:///(app-pages-browser)/./lib/chat-transport.ts:103
[  543461ms] [LOG] [ChatTransport] Received WebSocket response: {"type":"delta","content":" **","error":null,"message_id":"7a7786f9-a4c2-4fed-9abb-1c076903bbd5","conversation_id":null,"itinerary":null} @ webpack-internal:///(app-pages-browser)/./lib/chat-transport.ts:103
[  543498ms] [LOG] [ChatTransport] Received WebSocket response: {"type":"delta","content":"第一天","error":null,"message_id":"7a7786f9-a4c2-4fed-9abb-1c076903bbd5","conversation_id":null,"itinerary":null} @ webpack-internal:///(app-pages-browser)/./lib/chat-transport.ts:103
[  543504ms] [LOG] [ChatTransport] Received WebSocket response: {"type":"delta","content":"**","error":null,"message_id":"7a7786f9-a4c2-4fed-9abb-1c076903bbd5","conversation_id":null,"itinerary":null} @ webpack-internal:///(app-pages-browser)/./lib/chat-transport.ts:103
[  543547ms] [LOG] [ChatTransport] Received WebSocket response: {"type":"delta","content":"：","error":null,"message_id":"7a7786f9-a4c2-4fed-9abb-1c076903bbd5","conversation_id":null,"itinerary":null} @ webpack-internal:///(app-pages-browser)/./lib/chat-transport.ts:103
[  543553ms] [LOG] [ChatTransport] Received WebSocket response: {"type":"delta","content":"西湖","error":null,"message_id":"7a7786f9-a4c2-4fed-9abb-1c076903bbd5","conversation_id":null,"itinerary":null} @ webpack-internal:///(app-pages-browser)/./lib/chat-transport.ts:103
[  543596ms] [LOG] [ChatTransport] Received WebSocket response: {"type":"delta","content":"核心","error":null,"message_id":"7a7786f9-a4c2-4fed-9abb-1c076903bbd5","conversation_id":null,"itinerary":null} @ webpack-internal:///(app-pages-browser)/./lib/chat-transport.ts:103
[  543602ms] [LOG] [ChatTransport] Received WebSocket response: {"type":"delta","content":"景区","error":null,"message_id":"7a7786f9-a4c2-4fed-9abb-1c076903bbd5","conversation_id":null,"itinerary":null} @ webpack-internal:///(app-pages-browser)/./lib/chat-transport.ts:103
[  543648ms] [LOG] [ChatTransport] Received WebSocket response: {"type":"delta","content":"（","error":null,"message_id":"7a7786f9-a4c2-4fed-9abb-1c076903bbd5","conversation_id":null,"itinerary":null} @ webpack-internal:///(app-pages-browser)/./lib/chat-transport.ts:103
[  543648ms] [LOG] [ChatTransport] Received WebSocket response: {"type":"delta","content":"游","error":null,"message_id":"7a7786f9-a4c2-4fed-9abb-1c076903bbd5","conversation_id":null,"itinerary":null} @ webpack-internal:///(app-pages-browser)/./lib/chat-transport.ts:103
[  543697ms] [LOG] [ChatTransport] Received WebSocket response: {"type":"delta","content":"船","error":null,"message_id":"7a7786f9-a4c2-4fed-9abb-1c076903bbd5","conversation_id":null,"itinerary":null} @ webpack-internal:///(app-pages-browser)/./lib/chat-transport.ts:103
[  543697ms] [LOG] [ChatTransport] Received WebSocket response: {"type":"delta","content":"、","error":null,"message_id":"7a7786f9-a4c2-4fed-9abb-1c076903bbd5","conversation_id":null,"itinerary":null} @ webpack-internal:///(app-pages-browser)/./lib/chat-transport.ts:103
[  543737ms] [LOG] [ChatTransport] Received WebSocket response: {"type":"delta","content":"断","error":null,"message_id":"7a7786f9-a4c2-4fed-9abb-1c076903bbd5","conversation_id":null,"itinerary":null} @ webpack-internal:///(app-pages-browser)/./lib/chat-transport.ts:103
[  543737ms] [LOG] [ChatTransport] Received WebSocket response: {"type":"delta","content":"桥","error":null,"message_id":"7a7786f9-a4c2-4fed-9abb-1c076903bbd5","conversation_id":null,"itinerary":null} @ webpack-internal:///(app-pages-browser)/./lib/chat-transport.ts:103
[  543787ms] [LOG] [ChatTransport] Received WebSocket response: {"type":"delta","content":"、","error":null,"message_id":"7a7786f9-a4c2-4fed-9abb-1c076903bbd5","conversation_id":null,"itinerary":null} @ webpack-internal:///(app-pages-browser)/./lib/chat-transport.ts:103
[  543794ms] [LOG] [ChatTransport] Received WebSocket response: {"type":"delta","content":"白","error":null,"message_id":"7a7786f9-a4c2-4fed-9abb-1c076903bbd5","conversation_id":null,"itinerary":null} @ webpack-internal:///(app-pages-browser)/./lib/chat-transport.ts:103
[  543899ms] [LOG] [ChatTransport] Received WebSocket response: {"type":"delta","content":"堤","error":null,"message_id":"7a7786f9-a4c2-4fed-9abb-1c076903bbd5","conversation_id":null,"itinerary":null} @ webpack-internal:///(app-pages-browser)/./lib/chat-transport.ts:103
[  543899ms] [LOG] [ChatTransport] Received WebSocket response: {"type":"delta","content":"、","error":null,"message_id":"7a7786f9-a4c2-4fed-9abb-1c076903bbd5","conversation_id":null,"itinerary":null} @ webpack-internal:///(app-pages-browser)/./lib/chat-transport.ts:103
[  543906ms] [LOG] [ChatTransport] Received WebSocket response: {"type":"delta","content":"孤","error":null,"message_id":"7a7786f9-a4c2-4fed-9abb-1c076903bbd5","conversation_id":null,"itinerary":null} @ webpack-internal:///(app-pages-browser)/./lib/chat-transport.ts:103
[  543907ms] [LOG] [ChatTransport] Received WebSocket response: {"type":"delta","content":"山","error":null,"message_id":"7a7786f9-a4c2-4fed-9abb-1c076903bbd5","conversation_id":null,"itinerary":null} @ webpack-internal:///(app-pages-browser)/./lib/chat-transport.ts:103
[  543937ms] [LOG] [ChatTransport] Received WebSocket response: {"type":"delta","content":"、","error":null,"message_id":"7a7786f9-a4c2-4fed-9abb-1c076903bbd5","conversation_id":null,"itinerary":null} @ webpack-internal:///(app-pages-browser)/./lib/chat-transport.ts:103
[  543945ms] [LOG] [ChatTransport] Received WebSocket response: {"type":"delta","content":"博物馆","error":null,"message_id":"7a7786f9-a4c2-4fed-9abb-1c076903bbd5","conversation_id":null,"itinerary":null} @ webpack-internal:///(app-pages-browser)/./lib/chat-transport.ts:103
[  544006ms] [LOG] [ChatTransport] Received WebSocket response: {"type":"delta","content":"）\n","error":null,"message_id":"7a7786f9-a4c2-4fed-9abb-1c076903bbd5","conversation_id":null,"itinerary":null} @ webpack-internal:///(app-pages-browser)/./lib/chat-transport.ts:103
[  544007ms] [LOG] [ChatTransport] Received WebSocket response: {"type":"delta","content":"-","error":null,"message_id":"7a7786f9-a4c2-4fed-9abb-1c076903bbd5","conversation_id":null,"itinerary":null} @ webpack-internal:///(app-pages-browser)/./lib/chat-transport.ts:103
[  544043ms] [LOG] [ChatTransport] Received WebSocket response: {"type":"delta","content":" **","error":null,"message_id":"7a7786f9-a4c2-4fed-9abb-1c076903bbd5","conversation_id":null,"itinerary":null} @ webpack-internal:///(app-pages-browser)/./lib/chat-transport.ts:103
[  544050ms] [LOG] [ChatTransport] Received WebSocket response: {"type":"delta","content":"第二天","error":null,"message_id":"7a7786f9-a4c2-4fed-9abb-1c076903bbd5","conversation_id":null,"itinerary":null} @ webpack-internal:///(app-pages-browser)/./lib/chat-transport.ts:103
[  544105ms] [LOG] [ChatTransport] Received WebSocket response: {"type":"delta","content":"**","error":null,"message_id":"7a7786f9-a4c2-4fed-9abb-1c076903bbd5","conversation_id":null,"itinerary":null} @ webpack-internal:///(app-pages-browser)/./lib/chat-transport.ts:103
[  544105ms] [LOG] [ChatTransport] Received WebSocket response: {"type":"delta","content":"：","error":null,"message_id":"7a7786f9-a4c2-4fed-9abb-1c076903bbd5","conversation_id":null,"itinerary":null} @ webpack-internal:///(app-pages-browser)/./lib/chat-transport.ts:103
[  544166ms] [LOG] [ChatTransport] Received WebSocket response: {"type":"delta","content":"灵","error":null,"message_id":"7a7786f9-a4c2-4fed-9abb-1c076903bbd5","conversation_id":null,"itinerary":null} @ webpack-internal:///(app-pages-browser)/./lib/chat-transport.ts:103
[  544166ms] [LOG] [ChatTransport] Received WebSocket response: {"type":"delta","content":"隐","error":null,"message_id":"7a7786f9-a4c2-4fed-9abb-1c076903bbd5","conversation_id":null,"itinerary":null} @ webpack-internal:///(app-pages-browser)/./lib/chat-transport.ts:103
[  544186ms] [LOG] [ChatTransport] Received WebSocket response: {"type":"delta","content":"寺","error":null,"message_id":"7a7786f9-a4c2-4fed-9abb-1c076903bbd5","conversation_id":null,"itinerary":null} @ webpack-internal:///(app-pages-browser)/./lib/chat-transport.ts:103
[  544186ms] [LOG] [ChatTransport] Received WebSocket response: {"type":"delta","content":"与","error":null,"message_id":"7a7786f9-a4c2-4fed-9abb-1c076903bbd5","conversation_id":null,"itinerary":null} @ webpack-internal:///(app-pages-browser)/./lib/chat-transport.ts:103
[  544244ms] [LOG] [ChatTransport] Received WebSocket response: {"type":"delta","content":"龙","error":null,"message_id":"7a7786f9-a4c2-4fed-9abb-1c076903bbd5","conversation_id":null,"itinerary":null} @ webpack-internal:///(app-pages-browser)/./lib/chat-transport.ts:103
[  544249ms] [LOG] [ChatTransport] Received WebSocket response: {"type":"delta","content":"井","error":null,"message_id":"7a7786f9-a4c2-4fed-9abb-1c076903bbd5","conversation_id":null,"itinerary":null} @ webpack-internal:///(app-pages-browser)/./lib/chat-transport.ts:103
[  544290ms] [LOG] [ChatTransport] Received WebSocket response: {"type":"delta","content":"茶","error":null,"message_id":"7a7786f9-a4c2-4fed-9abb-1c076903bbd5","conversation_id":null,"itinerary":null} @ webpack-internal:///(app-pages-browser)/./lib/chat-transport.ts:103
[  544296ms] [LOG] [ChatTransport] Received WebSocket response: {"type":"delta","content":"文化","error":null,"message_id":"7a7786f9-a4c2-4fed-9abb-1c076903bbd5","conversation_id":null,"itinerary":null} @ webpack-internal:///(app-pages-browser)/./lib/chat-transport.ts:103
[  544339ms] [LOG] [ChatTransport] Received WebSocket response: {"type":"delta","content":"（","error":null,"message_id":"7a7786f9-a4c2-4fed-9abb-1c076903bbd5","conversation_id":null,"itinerary":null} @ webpack-internal:///(app-pages-browser)/./lib/chat-transport.ts:103
[  544345ms] [LOG] [ChatTransport] Received WebSocket response: {"type":"delta","content":"灵","error":null,"message_id":"7a7786f9-a4c2-4fed-9abb-1c076903bbd5","conversation_id":null,"itinerary":null} @ webpack-internal:///(app-pages-browser)/./lib/chat-transport.ts:103
[  544405ms] [LOG] [ChatTransport] Received WebSocket response: {"type":"delta","content":"隐","error":null,"message_id":"7a7786f9-a4c2-4fed-9abb-1c076903bbd5","conversation_id":null,"itinerary":null} @ webpack-internal:///(app-pages-browser)/./lib/chat-transport.ts:103
[  544412ms] [LOG] [ChatTransport] Received WebSocket response: {"type":"delta","content":"寺","error":null,"message_id":"7a7786f9-a4c2-4fed-9abb-1c076903bbd5","conversation_id":null,"itinerary":null} @ webpack-internal:///(app-pages-browser)/./lib/chat-transport.ts:103
[  544437ms] [LOG] [ChatTransport] Received WebSocket response: {"type":"delta","content":"、","error":null,"message_id":"7a7786f9-a4c2-4fed-9abb-1c076903bbd5","conversation_id":null,"itinerary":null} @ webpack-internal:///(app-pages-browser)/./lib/chat-transport.ts:103
[  544443ms] [LOG] [ChatTransport] Received WebSocket response: {"type":"delta","content":"龙","error":null,"message_id":"7a7786f9-a4c2-4fed-9abb-1c076903bbd5","conversation_id":null,"itinerary":null} @ webpack-internal:///(app-pages-browser)/./lib/chat-transport.ts:103
[  544499ms] [LOG] [ChatTransport] Received WebSocket response: {"type":"delta","content":"井","error":null,"message_id":"7a7786f9-a4c2-4fed-9abb-1c076903bbd5","conversation_id":null,"itinerary":null} @ webpack-internal:///(app-pages-browser)/./lib/chat-transport.ts:103
[  544505ms] [LOG] [ChatTransport] Received WebSocket response: {"type":"delta","content":"村","error":null,"message_id":"7a7786f9-a4c2-4fed-9abb-1c076903bbd5","conversation_id":null,"itinerary":null} @ webpack-internal:///(app-pages-browser)/./lib/chat-transport.ts:103
[  544532ms] [LOG] [ChatTransport] Received WebSocket response: {"type":"delta","content":"、","error":null,"message_id":"7a7786f9-a4c2-4fed-9abb-1c076903bbd5","conversation_id":null,"itinerary":null} @ webpack-internal:///(app-pages-browser)/./lib/chat-transport.ts:103
[  544532ms] [LOG] [ChatTransport] Received WebSocket response: {"type":"delta","content":"九","error":null,"message_id":"7a7786f9-a4c2-4fed-9abb-1c076903bbd5","conversation_id":null,"itinerary":null} @ webpack-internal:///(app-pages-browser)/./lib/chat-transport.ts:103
[  544598ms] [LOG] [ChatTransport] Received WebSocket response: {"type":"delta","content":"溪","error":null,"message_id":"7a7786f9-a4c2-4fed-9abb-1c076903bbd5","conversation_id":null,"itinerary":null} @ webpack-internal:///(app-pages-browser)/./lib/chat-transport.ts:103
[  544602ms] [LOG] [ChatTransport] Received WebSocket response: {"type":"delta","content":"烟","error":null,"message_id":"7a7786f9-a4c2-4fed-9abb-1c076903bbd5","conversation_id":null,"itinerary":null} @ webpack-internal:///(app-pages-browser)/./lib/chat-transport.ts:103
[  544628ms] [LOG] [ChatTransport] Received WebSocket response: {"type":"delta","content":"树","error":null,"message_id":"7a7786f9-a4c2-4fed-9abb-1c076903bbd5","conversation_id":null,"itinerary":null} @ webpack-internal:///(app-pages-browser)/./lib/chat-transport.ts:103
[  544635ms] [LOG] [ChatTransport] Received WebSocket response: {"type":"delta","content":"、","error":null,"message_id":"7a7786f9-a4c2-4fed-9abb-1c076903bbd5","conversation_id":null,"itinerary":null} @ webpack-internal:///(app-pages-browser)/./lib/chat-transport.ts:103
[  544680ms] [LOG] [ChatTransport] Received WebSocket response: {"type":"delta","content":"河","error":null,"message_id":"7a7786f9-a4c2-4fed-9abb-1c076903bbd5","conversation_id":null,"itinerary":null} @ webpack-internal:///(app-pages-browser)/./lib/chat-transport.ts:103
[  544689ms] [LOG] [ChatTransport] Received WebSocket response: {"type":"delta","content":"坊","error":null,"message_id":"7a7786f9-a4c2-4fed-9abb-1c076903bbd5","conversation_id":null,"itinerary":null} @ webpack-internal:///(app-pages-browser)/./lib/chat-transport.ts:103
[  544731ms] [LOG] [ChatTransport] Received WebSocket response: {"type":"delta","content":"街","error":null,"message_id":"7a7786f9-a4c2-4fed-9abb-1c076903bbd5","conversation_id":null,"itinerary":null} @ webpack-internal:///(app-pages-browser)/./lib/chat-transport.ts:103
[  544736ms] [LOG] [ChatTransport] Received WebSocket response: {"type":"delta","content":"）\n","error":null,"message_id":"7a7786f9-a4c2-4fed-9abb-1c076903bbd5","conversation_id":null,"itinerary":null} @ webpack-internal:///(app-pages-browser)/./lib/chat-transport.ts:103
[  544784ms] [LOG] [ChatTransport] Received WebSocket response: {"type":"delta","content":"-","error":null,"message_id":"7a7786f9-a4c2-4fed-9abb-1c076903bbd5","conversation_id":null,"itinerary":null} @ webpack-internal:///(app-pages-browser)/./lib/chat-transport.ts:103
[  544794ms] [LOG] [ChatTransport] Received WebSocket response: {"type":"delta","content":" **","error":null,"message_id":"7a7786f9-a4c2-4fed-9abb-1c076903bbd5","conversation_id":null,"itinerary":null} @ webpack-internal:///(app-pages-browser)/./lib/chat-transport.ts:103
[  544830ms] [LOG] [ChatTransport] Received WebSocket response: {"type":"delta","content":"第三天","error":null,"message_id":"7a7786f9-a4c2-4fed-9abb-1c076903bbd5","conversation_id":null,"itinerary":null} @ webpack-internal:///(app-pages-browser)/./lib/chat-transport.ts:103
[  544837ms] [LOG] [ChatTransport] Received WebSocket response: {"type":"delta","content":"**","error":null,"message_id":"7a7786f9-a4c2-4fed-9abb-1c076903bbd5","conversation_id":null,"itinerary":null} @ webpack-internal:///(app-pages-browser)/./lib/chat-transport.ts:103
[  544884ms] [LOG] [ChatTransport] Received WebSocket response: {"type":"delta","content":"：","error":null,"message_id":"7a7786f9-a4c2-4fed-9abb-1c076903bbd5","conversation_id":null,"itinerary":null} @ webpack-internal:///(app-pages-browser)/./lib/chat-transport.ts:103
[  544892ms] [LOG] [ChatTransport] Received WebSocket response: {"type":"delta","content":"西","error":null,"message_id":"7a7786f9-a4c2-4fed-9abb-1c076903bbd5","conversation_id":null,"itinerary":null} @ webpack-internal:///(app-pages-browser)/./lib/chat-transport.ts:103
[  544947ms] [LOG] [ChatTransport] Received WebSocket response: {"type":"delta","content":"溪","error":null,"message_id":"7a7786f9-a4c2-4fed-9abb-1c076903bbd5","conversation_id":null,"itinerary":null} @ webpack-internal:///(app-pages-browser)/./lib/chat-transport.ts:103
[  544952ms] [LOG] [ChatTransport] Received WebSocket response: {"type":"delta","content":"湿地","error":null,"message_id":"7a7786f9-a4c2-4fed-9abb-1c076903bbd5","conversation_id":null,"itinerary":null} @ webpack-internal:///(app-pages-browser)/./lib/chat-transport.ts:103
[  545028ms] [LOG] [ChatTransport] Received WebSocket response: {"type":"delta","content":"与现代","error":null,"message_id":"7a7786f9-a4c2-4fed-9abb-1c076903bbd5","conversation_id":null,"itinerary":null} @ webpack-internal:///(app-pages-browser)/./lib/chat-transport.ts:103
[  545034ms] [LOG] [ChatTransport] Received WebSocket response: {"type":"delta","content":"杭州","error":null,"message_id":"7a7786f9-a4c2-4fed-9abb-1c076903bbd5","conversation_id":null,"itinerary":null} @ webpack-internal:///(app-pages-browser)/./lib/chat-transport.ts:103
[  545046ms] [LOG] [ChatTransport] Received WebSocket response: {"type":"delta","content":"（","error":null,"message_id":"7a7786f9-a4c2-4fed-9abb-1c076903bbd5","conversation_id":null,"itinerary":null} @ webpack-internal:///(app-pages-browser)/./lib/chat-transport.ts:103
[  545047ms] [LOG] [ChatTransport] Received WebSocket response: {"type":"delta","content":"西","error":null,"message_id":"7a7786f9-a4c2-4fed-9abb-1c076903bbd5","conversation_id":null,"itinerary":null} @ webpack-internal:///(app-pages-browser)/./lib/chat-transport.ts:103
[  545090ms] [LOG] [ChatTransport] Received WebSocket response: {"type":"delta","content":"溪","error":null,"message_id":"7a7786f9-a4c2-4fed-9abb-1c076903bbd5","conversation_id":null,"itinerary":null} @ webpack-internal:///(app-pages-browser)/./lib/chat-transport.ts:103
[  545092ms] [LOG] [ChatTransport] Received WebSocket response: {"type":"delta","content":"湿地","error":null,"message_id":"7a7786f9-a4c2-4fed-9abb-1c076903bbd5","conversation_id":null,"itinerary":null} @ webpack-internal:///(app-pages-browser)/./lib/chat-transport.ts:103
[  545134ms] [LOG] [ChatTransport] Received WebSocket response: {"type":"delta","content":"、","error":null,"message_id":"7a7786f9-a4c2-4fed-9abb-1c076903bbd5","conversation_id":null,"itinerary":null} @ webpack-internal:///(app-pages-browser)/./lib/chat-transport.ts:103
[  545136ms] [LOG] [ChatTransport] Received WebSocket response: {"type":"delta","content":"博物馆","error":null,"message_id":"7a7786f9-a4c2-4fed-9abb-1c076903bbd5","conversation_id":null,"itinerary":null} @ webpack-internal:///(app-pages-browser)/./lib/chat-transport.ts:103
[  545210ms] [LOG] [ChatTransport] Received WebSocket response: {"type":"delta","content":"、","error":null,"message_id":"7a7786f9-a4c2-4fed-9abb-1c076903bbd5","conversation_id":null,"itinerary":null} @ webpack-internal:///(app-pages-browser)/./lib/chat-transport.ts:103
[  545215ms] [LOG] [ChatTransport] Received WebSocket response: {"type":"delta","content":"购物","error":null,"message_id":"7a7786f9-a4c2-4fed-9abb-1c076903bbd5","conversation_id":null,"itinerary":null} @ webpack-internal:///(app-pages-browser)/./lib/chat-transport.ts:103
[  545259ms] [LOG] [ChatTransport] Received WebSocket response: {"type":"delta","content":"）\n","error":null,"message_id":"7a7786f9-a4c2-4fed-9abb-1c076903bbd5","conversation_id":null,"itinerary":null} @ webpack-internal:///(app-pages-browser)/./lib/chat-transport.ts:103
[  545265ms] [LOG] [ChatTransport] Received WebSocket response: {"type":"delta","content":"-","error":null,"message_id":"7a7786f9-a4c2-4fed-9abb-1c076903bbd5","conversation_id":null,"itinerary":null} @ webpack-internal:///(app-pages-browser)/./lib/chat-transport.ts:103
[  545310ms] [LOG] [ChatTransport] Received WebSocket response: {"type":"delta","content":" ","error":null,"message_id":"7a7786f9-a4c2-4fed-9abb-1c076903bbd5","conversation_id":null,"itinerary":null} @ webpack-internal:///(app-pages-browser)/./lib/chat-transport.ts:103
[  545342ms] [LOG] [ChatTransport] Received WebSocket response: {"type":"delta","content":"还","error":null,"message_id":"7a7786f9-a4c2-4fed-9abb-1c076903bbd5","conversation_id":null,"itinerary":null} @ webpack-internal:///(app-pages-browser)/./lib/chat-transport.ts:103
[  545350ms] [LOG] [ChatTransport] Received WebSocket response: {"type":"delta","content":"提供了","error":null,"message_id":"7a7786f9-a4c2-4fed-9abb-1c076903bbd5","conversation_id":null,"itinerary":null} @ webpack-internal:///(app-pages-browser)/./lib/chat-transport.ts:103
[  545386ms] [LOG] [ChatTransport] Received WebSocket response: {"type":"delta","content":"住宿","error":null,"message_id":"7a7786f9-a4c2-4fed-9abb-1c076903bbd5","conversation_id":null,"itinerary":null} @ webpack-internal:///(app-pages-browser)/./lib/chat-transport.ts:103
[  545391ms] [LOG] [ChatTransport] Received WebSocket response: {"type":"delta","content":"建议","error":null,"message_id":"7a7786f9-a4c2-4fed-9abb-1c076903bbd5","conversation_id":null,"itinerary":null} @ webpack-internal:///(app-pages-browser)/./lib/chat-transport.ts:103
[  545435ms] [LOG] [ChatTransport] Received WebSocket response: {"type":"delta","content":"、","error":null,"message_id":"7a7786f9-a4c2-4fed-9abb-1c076903bbd5","conversation_id":null,"itinerary":null} @ webpack-internal:///(app-pages-browser)/./lib/chat-transport.ts:103
[  545441ms] [LOG] [ChatTransport] Received WebSocket response: {"type":"delta","content":"美食","error":null,"message_id":"7a7786f9-a4c2-4fed-9abb-1c076903bbd5","conversation_id":null,"itinerary":null} @ webpack-internal:///(app-pages-browser)/./lib/chat-transport.ts:103
[  545486ms] [LOG] [ChatTransport] Received WebSocket response: {"type":"delta","content":"推荐","error":null,"message_id":"7a7786f9-a4c2-4fed-9abb-1c076903bbd5","conversation_id":null,"itinerary":null} @ webpack-internal:///(app-pages-browser)/./lib/chat-transport.ts:103
[  545493ms] [LOG] [ChatTransport] Received WebSocket response: {"type":"delta","content":"和","error":null,"message_id":"7a7786f9-a4c2-4fed-9abb-1c076903bbd5","conversation_id":null,"itinerary":null} @ webpack-internal:///(app-pages-browser)/./lib/chat-transport.ts:103
[  545533ms] [LOG] [ChatTransport] Received WebSocket response: {"type":"delta","content":"实用","error":null,"message_id":"7a7786f9-a4c2-4fed-9abb-1c076903bbd5","conversation_id":null,"itinerary":null} @ webpack-internal:///(app-pages-browser)/./lib/chat-transport.ts:103
[  545539ms] [LOG] [ChatTransport] Received WebSocket response: {"type":"delta","content":"贴","error":null,"message_id":"7a7786f9-a4c2-4fed-9abb-1c076903bbd5","conversation_id":null,"itinerary":null} @ webpack-internal:///(app-pages-browser)/./lib/chat-transport.ts:103
[  545675ms] [LOG] [ChatTransport] Received WebSocket response: {"type":"delta","content":"士","error":null,"message_id":"7a7786f9-a4c2-4fed-9abb-1c076903bbd5","conversation_id":null,"itinerary":null} @ webpack-internal:///(app-pages-browser)/./lib/chat-transport.ts:103
[  545682ms] [LOG] [ChatTransport] Received WebSocket response: {"type":"delta","content":"\n\n","error":null,"message_id":"7a7786f9-a4c2-4fed-9abb-1c076903bbd5","conversation_id":null,"itinerary":null} @ webpack-internal:///(app-pages-browser)/./lib/chat-transport.ts:103
[  545687ms] [LOG] [ChatTransport] Received WebSocket response: {"type":"delta","content":"###","error":null,"message_id":"7a7786f9-a4c2-4fed-9abb-1c076903bbd5","conversation_id":null,"itinerary":null} @ webpack-internal:///(app-pages-browser)/./lib/chat-transport.ts:103
[  545687ms] [LOG] [ChatTransport] Received WebSocket response: {"type":"delta","content":" **","error":null,"message_id":"7a7786f9-a4c2-4fed-9abb-1c076903bbd5","conversation_id":null,"itinerary":null} @ webpack-internal:///(app-pages-browser)/./lib/chat-transport.ts:103
[  546386ms] [LOG] [ChatTransport] Received WebSocket response: {"type":"delta","content":"2","error":null,"message_id":"7a7786f9-a4c2-4fed-9abb-1c076903bbd5","conversation_id":null,"itinerary":null} @ webpack-internal:///(app-pages-browser)/./lib/chat-transport.ts:103
[  546396ms] [LOG] [ChatTransport] Received WebSocket response: {"type":"delta","content":".","error":null,"message_id":"7a7786f9-a4c2-4fed-9abb-1c076903bbd5","conversation_id":null,"itinerary":null} @ webpack-internal:///(app-pages-browser)/./lib/chat-transport.ts:103
[  546777ms] [LOG] [ChatTransport] Received WebSocket response: {"type":"delta","content":" ","error":null,"message_id":"7a7786f9-a4c2-4fed-9abb-1c076903bbd5","conversation_id":null,"itinerary":null} @ webpack-internal:///(app-pages-browser)/./lib/chat-transport.ts:103
[  546790ms] [LOG] [ChatTransport] Received WebSocket response: {"type":"delta","content":"杭州","error":null,"message_id":"7a7786f9-a4c2-4fed-9abb-1c076903bbd5","conversation_id":null,"itinerary":null} @ webpack-internal:///(app-pages-browser)/./lib/chat-transport.ts:103
[  546790ms] [LOG] [ChatTransport] Received WebSocket response: {"type":"delta","content":"明天","error":null,"message_id":"7a7786f9-a4c2-4fed-9abb-1c076903bbd5","conversation_id":null,"itinerary":null} @ webpack-internal:///(app-pages-browser)/./lib/chat-transport.ts:103
[  546790ms] [LOG] [ChatTransport] Received WebSocket response: {"type":"delta","content":"天气","error":null,"message_id":"7a7786f9-a4c2-4fed-9abb-1c076903bbd5","conversation_id":null,"itinerary":null} @ webpack-internal:///(app-pages-browser)/./lib/chat-transport.ts:103
[  546790ms] [LOG] [ChatTransport] Received WebSocket response: {"type":"delta","content":"查询","error":null,"message_id":"7a7786f9-a4c2-4fed-9abb-1c076903bbd5","conversation_id":null,"itinerary":null} @ webpack-internal:///(app-pages-browser)/./lib/chat-transport.ts:103
[  546790ms] [LOG] [ChatTransport] Received WebSocket response: {"type":"delta","content":"**\n","error":null,"message_id":"7a7786f9-a4c2-4fed-9abb-1c076903bbd5","conversation_id":null,"itinerary":null} @ webpack-internal:///(app-pages-browser)/./lib/chat-transport.ts:103
[  546790ms] [LOG] [ChatTransport] Received WebSocket response: {"type":"delta","content":"您","error":null,"message_id":"7a7786f9-a4c2-4fed-9abb-1c076903bbd5","conversation_id":null,"itinerary":null} @ webpack-internal:///(app-pages-browser)/./lib/chat-transport.ts:103
[  546801ms] [LOG] [ChatTransport] Received WebSocket response: {"type":"delta","content":"询问","error":null,"message_id":"7a7786f9-a4c2-4fed-9abb-1c076903bbd5","conversation_id":null,"itinerary":null} @ webpack-internal:///(app-pages-browser)/./lib/chat-transport.ts:103
[  546801ms] [LOG] [ChatTransport] Received WebSocket response: {"type":"delta","content":"了","error":null,"message_id":"7a7786f9-a4c2-4fed-9abb-1c076903bbd5","conversation_id":null,"itinerary":null} @ webpack-internal:///(app-pages-browser)/./lib/chat-transport.ts:103
[  546801ms] [LOG] [ChatTransport] Received WebSocket response: {"type":"delta","content":"杭州","error":null,"message_id":"7a7786f9-a4c2-4fed-9abb-1c076903bbd5","conversation_id":null,"itinerary":null} @ webpack-internal:///(app-pages-browser)/./lib/chat-transport.ts:103
[  546801ms] [LOG] [ChatTransport] Received WebSocket response: {"type":"delta","content":"明天的","error":null,"message_id":"7a7786f9-a4c2-4fed-9abb-1c076903bbd5","conversation_id":null,"itinerary":null} @ webpack-internal:///(app-pages-browser)/./lib/chat-transport.ts:103
[  546801ms] [LOG] [ChatTransport] Received WebSocket response: {"type":"delta","content":"天气","error":null,"message_id":"7a7786f9-a4c2-4fed-9abb-1c076903bbd5","conversation_id":null,"itinerary":null} @ webpack-internal:///(app-pages-browser)/./lib/chat-transport.ts:103
[  546801ms] [LOG] [ChatTransport] Received WebSocket response: {"type":"delta","content":"，","error":null,"message_id":"7a7786f9-a4c2-4fed-9abb-1c076903bbd5","conversation_id":null,"itinerary":null} @ webpack-internal:///(app-pages-browser)/./lib/chat-transport.ts:103
[  546801ms] [LOG] [ChatTransport] Received WebSocket response: {"type":"delta","content":"我","error":null,"message_id":"7a7786f9-a4c2-4fed-9abb-1c076903bbd5","conversation_id":null,"itinerary":null} @ webpack-internal:///(app-pages-browser)/./lib/chat-transport.ts:103
[  546801ms] [LOG] [ChatTransport] Received WebSocket response: {"type":"delta","content":"查询","error":null,"message_id":"7a7786f9-a4c2-4fed-9abb-1c076903bbd5","conversation_id":null,"itinerary":null} @ webpack-internal:///(app-pages-browser)/./lib/chat-transport.ts:103
[  546801ms] [LOG] [ChatTransport] Received WebSocket response: {"type":"delta","content":"到","error":null,"message_id":"7a7786f9-a4c2-4fed-9abb-1c076903bbd5","conversation_id":null,"itinerary":null} @ webpack-internal:///(app-pages-browser)/./lib/chat-transport.ts:103
[  546802ms] [LOG] [ChatTransport] Received WebSocket response: {"type":"delta","content":"：\n","error":null,"message_id":"7a7786f9-a4c2-4fed-9abb-1c076903bbd5","conversation_id":null,"itinerary":null} @ webpack-internal:///(app-pages-browser)/./lib/chat-transport.ts:103
[  546802ms] [LOG] [ChatTransport] Received WebSocket response: {"type":"delta","content":"-","error":null,"message_id":"7a7786f9-a4c2-4fed-9abb-1c076903bbd5","conversation_id":null,"itinerary":null} @ webpack-internal:///(app-pages-browser)/./lib/chat-transport.ts:103
[  546802ms] [LOG] [ChatTransport] Received WebSocket response: {"type":"delta","content":" **","error":null,"message_id":"7a7786f9-a4c2-4fed-9abb-1c076903bbd5","conversation_id":null,"itinerary":null} @ webpack-internal:///(app-pages-browser)/./lib/chat-transport.ts:103
[  546802ms] [LOG] [ChatTransport] Received WebSocket response: {"type":"delta","content":"明天","error":null,"message_id":"7a7786f9-a4c2-4fed-9abb-1c076903bbd5","conversation_id":null,"itinerary":null} @ webpack-internal:///(app-pages-browser)/./lib/chat-transport.ts:103
[  546802ms] [LOG] [ChatTransport] Received WebSocket response: {"type":"delta","content":"（","error":null,"message_id":"7a7786f9-a4c2-4fed-9abb-1c076903bbd5","conversation_id":null,"itinerary":null} @ webpack-internal:///(app-pages-browser)/./lib/chat-transport.ts:103
[  546802ms] [LOG] [ChatTransport] Received WebSocket response: {"type":"delta","content":"202","error":null,"message_id":"7a7786f9-a4c2-4fed-9abb-1c076903bbd5","conversation_id":null,"itinerary":null} @ webpack-internal:///(app-pages-browser)/./lib/chat-transport.ts:103
[  546802ms] [LOG] [ChatTransport] Received WebSocket response: {"type":"delta","content":"6","error":null,"message_id":"7a7786f9-a4c2-4fed-9abb-1c076903bbd5","conversation_id":null,"itinerary":null} @ webpack-internal:///(app-pages-browser)/./lib/chat-transport.ts:103
[  546802ms] [LOG] [ChatTransport] Received WebSocket response: {"type":"delta","content":"年","error":null,"message_id":"7a7786f9-a4c2-4fed-9abb-1c076903bbd5","conversation_id":null,"itinerary":null} @ webpack-internal:///(app-pages-browser)/./lib/chat-transport.ts:103
[  546802ms] [LOG] [ChatTransport] Received WebSocket response: {"type":"delta","content":"4","error":null,"message_id":"7a7786f9-a4c2-4fed-9abb-1c076903bbd5","conversation_id":null,"itinerary":null} @ webpack-internal:///(app-pages-browser)/./lib/chat-transport.ts:103
[  546802ms] [LOG] [ChatTransport] Received WebSocket response: {"type":"delta","content":"月","error":null,"message_id":"7a7786f9-a4c2-4fed-9abb-1c076903bbd5","conversation_id":null,"itinerary":null} @ webpack-internal:///(app-pages-browser)/./lib/chat-transport.ts:103
[  546802ms] [LOG] [ChatTransport] Received WebSocket response: {"type":"delta","content":"11","error":null,"message_id":"7a7786f9-a4c2-4fed-9abb-1c076903bbd5","conversation_id":null,"itinerary":null} @ webpack-internal:///(app-pages-browser)/./lib/chat-transport.ts:103
[  546803ms] [LOG] [ChatTransport] Received WebSocket response: {"type":"delta","content":"日","error":null,"message_id":"7a7786f9-a4c2-4fed-9abb-1c076903bbd5","conversation_id":null,"itinerary":null} @ webpack-internal:///(app-pages-browser)/./lib/chat-transport.ts:103
[  546803ms] [LOG] [ChatTransport] Received WebSocket response: {"type":"delta","content":"，","error":null,"message_id":"7a7786f9-a4c2-4fed-9abb-1c076903bbd5","conversation_id":null,"itinerary":null} @ webpack-internal:///(app-pages-browser)/./lib/chat-transport.ts:103
[  546803ms] [LOG] [ChatTransport] Received WebSocket response: {"type":"delta","content":"周六","error":null,"message_id":"7a7786f9-a4c2-4fed-9abb-1c076903bbd5","conversation_id":null,"itinerary":null} @ webpack-internal:///(app-pages-browser)/./lib/chat-transport.ts:103
[  546803ms] [LOG] [ChatTransport] Received WebSocket response: {"type":"delta","content":"）","error":null,"message_id":"7a7786f9-a4c2-4fed-9abb-1c076903bbd5","conversation_id":null,"itinerary":null} @ webpack-internal:///(app-pages-browser)/./lib/chat-transport.ts:103
[  546803ms] [LOG] [ChatTransport] Received WebSocket response: {"type":"delta","content":"**","error":null,"message_id":"7a7786f9-a4c2-4fed-9abb-1c076903bbd5","conversation_id":null,"itinerary":null} @ webpack-internal:///(app-pages-browser)/./lib/chat-transport.ts:103
[  546803ms] [LOG] [ChatTransport] Received WebSocket response: {"type":"delta","content":"：","error":null,"message_id":"7a7786f9-a4c2-4fed-9abb-1c076903bbd5","conversation_id":null,"itinerary":null} @ webpack-internal:///(app-pages-browser)/./lib/chat-transport.ts:103
[  546803ms] [LOG] [ChatTransport] Received WebSocket response: {"type":"delta","content":"大雨","error":null,"message_id":"7a7786f9-a4c2-4fed-9abb-1c076903bbd5","conversation_id":null,"itinerary":null} @ webpack-internal:///(app-pages-browser)/./lib/chat-transport.ts:103
[  546803ms] [LOG] [ChatTransport] Received WebSocket response: {"type":"delta","content":"转","error":null,"message_id":"7a7786f9-a4c2-4fed-9abb-1c076903bbd5","conversation_id":null,"itinerary":null} @ webpack-internal:///(app-pages-browser)/./lib/chat-transport.ts:103
[  546804ms] [LOG] [ChatTransport] Received WebSocket response: {"type":"delta","content":"小雨","error":null,"message_id":"7a7786f9-a4c2-4fed-9abb-1c076903bbd5","conversation_id":null,"itinerary":null} @ webpack-internal:///(app-pages-browser)/./lib/chat-transport.ts:103
[  546804ms] [LOG] [ChatTransport] Received WebSocket response: {"type":"delta","content":"，","error":null,"message_id":"7a7786f9-a4c2-4fed-9abb-1c076903bbd5","conversation_id":null,"itinerary":null} @ webpack-internal:///(app-pages-browser)/./lib/chat-transport.ts:103
[  546804ms] [LOG] [ChatTransport] Received WebSocket response: {"type":"delta","content":"12","error":null,"message_id":"7a7786f9-a4c2-4fed-9abb-1c076903bbd5","conversation_id":null,"itinerary":null} @ webpack-internal:///(app-pages-browser)/./lib/chat-transport.ts:103
[  546804ms] [LOG] [ChatTransport] Received WebSocket response: {"type":"delta","content":"-","error":null,"message_id":"7a7786f9-a4c2-4fed-9abb-1c076903bbd5","conversation_id":null,"itinerary":null} @ webpack-internal:///(app-pages-browser)/./lib/chat-transport.ts:103
[  546896ms] [LOG] [ChatTransport] Received WebSocket response: {"type":"delta","content":"17","error":null,"message_id":"7a7786f9-a4c2-4fed-9abb-1c076903bbd5","conversation_id":null,"itinerary":null} @ webpack-internal:///(app-pages-browser)/./lib/chat-transport.ts:103
[  546907ms] [LOG] [ChatTransport] Received WebSocket response: {"type":"delta","content":"°","error":null,"message_id":"7a7786f9-a4c2-4fed-9abb-1c076903bbd5","conversation_id":null,"itinerary":null} @ webpack-internal:///(app-pages-browser)/./lib/chat-transport.ts:103
[  546924ms] [LOG] [ChatTransport] Received WebSocket response: {"type":"delta","content":"C","error":null,"message_id":"7a7786f9-a4c2-4fed-9abb-1c076903bbd5","conversation_id":null,"itinerary":null} @ webpack-internal:///(app-pages-browser)/./lib/chat-transport.ts:103
[  546934ms] [LOG] [ChatTransport] Received WebSocket response: {"type":"delta","content":"\n","error":null,"message_id":"7a7786f9-a4c2-4fed-9abb-1c076903bbd5","conversation_id":null,"itinerary":null} @ webpack-internal:///(app-pages-browser)/./lib/chat-transport.ts:103
[  546948ms] [LOG] [ChatTransport] Received WebSocket response: {"type":"delta","content":"-","error":null,"message_id":"7a7786f9-a4c2-4fed-9abb-1c076903bbd5","conversation_id":null,"itinerary":null} @ webpack-internal:///(app-pages-browser)/./lib/chat-transport.ts:103
[  546948ms] [LOG] [ChatTransport] Received WebSocket response: {"type":"delta","content":" ","error":null,"message_id":"7a7786f9-a4c2-4fed-9abb-1c076903bbd5","conversation_id":null,"itinerary":null} @ webpack-internal:///(app-pages-browser)/./lib/chat-transport.ts:103
[  546960ms] [LOG] [ChatTransport] Received WebSocket response: {"type":"delta","content":"我","error":null,"message_id":"7a7786f9-a4c2-4fed-9abb-1c076903bbd5","conversation_id":null,"itinerary":null} @ webpack-internal:///(app-pages-browser)/./lib/chat-transport.ts:103
[  546967ms] [LOG] [ChatTransport] Received WebSocket response: {"type":"delta","content":"根据","error":null,"message_id":"7a7786f9-a4c2-4fed-9abb-1c076903bbd5","conversation_id":null,"itinerary":null} @ webpack-internal:///(app-pages-browser)/./lib/chat-transport.ts:103
[  546967ms] [LOG] [ChatTransport] Received WebSocket response: {"type":"delta","content":"雨天","error":null,"message_id":"7a7786f9-a4c2-4fed-9abb-1c076903bbd5","conversation_id":null,"itinerary":null} @ webpack-internal:///(app-pages-browser)/./lib/chat-transport.ts:103
[  547027ms] [LOG] [ChatTransport] Received WebSocket response: {"type":"delta","content":"情况","error":null,"message_id":"7a7786f9-a4c2-4fed-9abb-1c076903bbd5","conversation_id":null,"itinerary":null} @ webpack-internal:///(app-pages-browser)/./lib/chat-transport.ts:103
[  547037ms] [LOG] [ChatTransport] Received WebSocket response: {"type":"delta","content":"给出了","error":null,"message_id":"7a7786f9-a4c2-4fed-9abb-1c076903bbd5","conversation_id":null,"itinerary":null} @ webpack-internal:///(app-pages-browser)/./lib/chat-transport.ts:103
[  547064ms] [LOG] [ChatTransport] Received WebSocket response: {"type":"delta","content":"行程","error":null,"message_id":"7a7786f9-a4c2-4fed-9abb-1c076903bbd5","conversation_id":null,"itinerary":null} @ webpack-internal:///(app-pages-browser)/./lib/chat-transport.ts:103
[  547073ms] [LOG] [ChatTransport] Received WebSocket response: {"type":"delta","content":"调整","error":null,"message_id":"7a7786f9-a4c2-4fed-9abb-1c076903bbd5","conversation_id":null,"itinerary":null} @ webpack-internal:///(app-pages-browser)/./lib/chat-transport.ts:103
[  547093ms] [LOG] [ChatTransport] Received WebSocket response: {"type":"delta","content":"建议","error":null,"message_id":"7a7786f9-a4c2-4fed-9abb-1c076903bbd5","conversation_id":null,"itinerary":null} @ webpack-internal:///(app-pages-browser)/./lib/chat-transport.ts:103
[  547100ms] [LOG] [ChatTransport] Received WebSocket response: {"type":"delta","content":"和","error":null,"message_id":"7a7786f9-a4c2-4fed-9abb-1c076903bbd5","conversation_id":null,"itinerary":null} @ webpack-internal:///(app-pages-browser)/./lib/chat-transport.ts:103
[  547157ms] [LOG] [ChatTransport] Received WebSocket response: {"type":"delta","content":"出行","error":null,"message_id":"7a7786f9-a4c2-4fed-9abb-1c076903bbd5","conversation_id":null,"itinerary":null} @ webpack-internal:///(app-pages-browser)/./lib/chat-transport.ts:103
[  547197ms] [LOG] [ChatTransport] Received WebSocket response: {"type":"delta","content":"注意事项","error":null,"message_id":"7a7786f9-a4c2-4fed-9abb-1c076903bbd5","conversation_id":null,"itinerary":null} @ webpack-internal:///(app-pages-browser)/./lib/chat-transport.ts:103
[  547209ms] [LOG] [ChatTransport] Received WebSocket response: {"type":"delta","content":"\n\n","error":null,"message_id":"7a7786f9-a4c2-4fed-9abb-1c076903bbd5","conversation_id":null,"itinerary":null} @ webpack-internal:///(app-pages-browser)/./lib/chat-transport.ts:103
[  547274ms] [LOG] [ChatTransport] Received WebSocket response: {"type":"delta","content":"##","error":null,"message_id":"7a7786f9-a4c2-4fed-9abb-1c076903bbd5","conversation_id":null,"itinerary":null} @ webpack-internal:///(app-pages-browser)/./lib/chat-transport.ts:103
[  547290ms] [LOG] [ChatTransport] Received WebSocket response: {"type":"delta","content":" 🔄","error":null,"message_id":"7a7786f9-a4c2-4fed-9abb-1c076903bbd5","conversation_id":null,"itinerary":null} @ webpack-internal:///(app-pages-browser)/./lib/chat-transport.ts:103
[  547343ms] [LOG] [ChatTransport] Received WebSocket response: {"type":"delta","content":" **","error":null,"message_id":"7a7786f9-a4c2-4fed-9abb-1c076903bbd5","conversation_id":null,"itinerary":null} @ webpack-internal:///(app-pages-browser)/./lib/chat-transport.ts:103
[  547350ms] [LOG] [ChatTransport] Received WebSocket response: {"type":"delta","content":"当前","error":null,"message_id":"7a7786f9-a4c2-4fed-9abb-1c076903bbd5","conversation_id":null,"itinerary":null} @ webpack-internal:///(app-pages-browser)/./lib/chat-transport.ts:103
[  547388ms] [LOG] [ChatTransport] Received WebSocket response: {"type":"delta","content":"状态","error":null,"message_id":"7a7786f9-a4c2-4fed-9abb-1c076903bbd5","conversation_id":null,"itinerary":null} @ webpack-internal:///(app-pages-browser)/./lib/chat-transport.ts:103
[  547404ms] [LOG] [ChatTransport] Received WebSocket response: {"type":"delta","content":"**\n","error":null,"message_id":"7a7786f9-a4c2-4fed-9abb-1c076903bbd5","conversation_id":null,"itinerary":null} @ webpack-internal:///(app-pages-browser)/./lib/chat-transport.ts:103
[  547458ms] [LOG] [ChatTransport] Received WebSocket response: {"type":"delta","content":"我们","error":null,"message_id":"7a7786f9-a4c2-4fed-9abb-1c076903bbd5","conversation_id":null,"itinerary":null} @ webpack-internal:///(app-pages-browser)/./lib/chat-transport.ts:103
[  547469ms] [LOG] [ChatTransport] Received WebSocket response: {"type":"delta","content":"正在","error":null,"message_id":"7a7786f9-a4c2-4fed-9abb-1c076903bbd5","conversation_id":null,"itinerary":null} @ webpack-internal:///(app-pages-browser)/./lib/chat-transport.ts:103
[  547531ms] [LOG] [ChatTransport] Received WebSocket response: {"type":"delta","content":"讨论","error":null,"message_id":"7a7786f9-a4c2-4fed-9abb-1c076903bbd5","conversation_id":null,"itinerary":null} @ webpack-internal:///(app-pages-browser)/./lib/chat-transport.ts:103
[  547546ms] [LOG] [ChatTransport] Received WebSocket response: {"type":"delta","content":"**","error":null,"message_id":"7a7786f9-a4c2-4fed-9abb-1c076903bbd5","conversation_id":null,"itinerary":null} @ webpack-internal:///(app-pages-browser)/./lib/chat-transport.ts:103
[  547563ms] [LOG] [ChatTransport] Received WebSocket response: {"type":"delta","content":"杭州","error":null,"message_id":"7a7786f9-a4c2-4fed-9abb-1c076903bbd5","conversation_id":null,"itinerary":null} @ webpack-internal:///(app-pages-browser)/./lib/chat-transport.ts:103
[  547564ms] [LOG] [ChatTransport] Received WebSocket response: {"type":"delta","content":"旅行","error":null,"message_id":"7a7786f9-a4c2-4fed-9abb-1c076903bbd5","conversation_id":null,"itinerary":null} @ webpack-internal:///(app-pages-browser)/./lib/chat-transport.ts:103
[  547596ms] [LOG] [ChatTransport] Received WebSocket response: {"type":"delta","content":"规划","error":null,"message_id":"7a7786f9-a4c2-4fed-9abb-1c076903bbd5","conversation_id":null,"itinerary":null} @ webpack-internal:///(app-pages-browser)/./lib/chat-transport.ts:103
[  547642ms] [LOG] [ChatTransport] Received WebSocket response: {"type":"delta","content":"**","error":null,"message_id":"7a7786f9-a4c2-4fed-9abb-1c076903bbd5","conversation_id":null,"itinerary":null} @ webpack-internal:///(app-pages-browser)/./lib/chat-transport.ts:103
[  547656ms] [LOG] [ChatTransport] Received WebSocket response: {"type":"delta","content":"，","error":null,"message_id":"7a7786f9-a4c2-4fed-9abb-1c076903bbd5","conversation_id":null,"itinerary":null} @ webpack-internal:///(app-pages-browser)/./lib/chat-transport.ts:103
[  547792ms] [LOG] [ChatTransport] Received WebSocket response: {"type":"delta","content":"您","error":null,"message_id":"7a7786f9-a4c2-4fed-9abb-1c076903bbd5","conversation_id":null,"itinerary":null} @ webpack-internal:///(app-pages-browser)/./lib/chat-transport.ts:103
[  547801ms] [LOG] [ChatTransport] Received WebSocket response: {"type":"delta","content":"询问","error":null,"message_id":"7a7786f9-a4c2-4fed-9abb-1c076903bbd5","conversation_id":null,"itinerary":null} @ webpack-internal:///(app-pages-browser)/./lib/chat-transport.ts:103
[  547801ms] [LOG] [ChatTransport] Received WebSocket response: {"type":"delta","content":"了","error":null,"message_id":"7a7786f9-a4c2-4fed-9abb-1c076903bbd5","conversation_id":null,"itinerary":null} @ webpack-internal:///(app-pages-browser)/./lib/chat-transport.ts:103
[  547801ms] [LOG] [ChatTransport] Received WebSocket response: {"type":"delta","content":"天气","error":null,"message_id":"7a7786f9-a4c2-4fed-9abb-1c076903bbd5","conversation_id":null,"itinerary":null} @ webpack-internal:///(app-pages-browser)/./lib/chat-transport.ts:103
[  547836ms] [LOG] [ChatTransport] Received WebSocket response: {"type":"delta","content":"情况","error":null,"message_id":"7a7786f9-a4c2-4fed-9abb-1c076903bbd5","conversation_id":null,"itinerary":null} @ webpack-internal:///(app-pages-browser)/./lib/chat-transport.ts:103
[  547836ms] [LOG] [ChatTransport] Received WebSocket response: {"type":"delta","content":"，","error":null,"message_id":"7a7786f9-a4c2-4fed-9abb-1c076903bbd5","conversation_id":null,"itinerary":null} @ webpack-internal:///(app-pages-browser)/./lib/chat-transport.ts:103
[  547896ms] [LOG] [ChatTransport] Received WebSocket response: {"type":"delta","content":"我","error":null,"message_id":"7a7786f9-a4c2-4fed-9abb-1c076903bbd5","conversation_id":null,"itinerary":null} @ webpack-internal:///(app-pages-browser)/./lib/chat-transport.ts:103
[  547904ms] [LOG] [ChatTransport] Received WebSocket response: {"type":"delta","content":"建议","error":null,"message_id":"7a7786f9-a4c2-4fed-9abb-1c076903bbd5","conversation_id":null,"itinerary":null} @ webpack-internal:///(app-pages-browser)/./lib/chat-transport.ts:103
[  547940ms] [LOG] [ChatTransport] Received WebSocket response: {"type":"delta","content":"根据","error":null,"message_id":"7a7786f9-a4c2-4fed-9abb-1c076903bbd5","conversation_id":null,"itinerary":null} @ webpack-internal:///(app-pages-browser)/./lib/chat-transport.ts:103
[  547941ms] [LOG] [ChatTransport] Received WebSocket response: {"type":"delta","content":"雨天","error":null,"message_id":"7a7786f9-a4c2-4fed-9abb-1c076903bbd5","conversation_id":null,"itinerary":null} @ webpack-internal:///(app-pages-browser)/./lib/chat-transport.ts:103
[  547988ms] [LOG] [ChatTransport] Received WebSocket response: {"type":"delta","content":"调整","error":null,"message_id":"7a7786f9-a4c2-4fed-9abb-1c076903bbd5","conversation_id":null,"itinerary":null} @ webpack-internal:///(app-pages-browser)/./lib/chat-transport.ts:103
[  548002ms] [LOG] [ChatTransport] Received WebSocket response: {"type":"delta","content":"行程","error":null,"message_id":"7a7786f9-a4c2-4fed-9abb-1c076903bbd5","conversation_id":null,"itinerary":null} @ webpack-internal:///(app-pages-browser)/./lib/chat-transport.ts:103
[  548043ms] [LOG] [ChatTransport] Received WebSocket response: {"type":"delta","content":"。\n\n","error":null,"message_id":"7a7786f9-a4c2-4fed-9abb-1c076903bbd5","conversation_id":null,"itinerary":null} @ webpack-internal:///(app-pages-browser)/./lib/chat-transport.ts:103
[  548053ms] [LOG] [ChatTransport] Received WebSocket response: {"type":"delta","content":"**","error":null,"message_id":"7a7786f9-a4c2-4fed-9abb-1c076903bbd5","conversation_id":null,"itinerary":null} @ webpack-internal:///(app-pages-browser)/./lib/chat-transport.ts:103
[  548098ms] [LOG] [ChatTransport] Received WebSocket response: {"type":"delta","content":"接下来","error":null,"message_id":"7a7786f9-a4c2-4fed-9abb-1c076903bbd5","conversation_id":null,"itinerary":null} @ webpack-internal:///(app-pages-browser)/./lib/chat-transport.ts:103
[  548138ms] [LOG] [ChatTransport] Received WebSocket response: {"type":"delta","content":"您","error":null,"message_id":"7a7786f9-a4c2-4fed-9abb-1c076903bbd5","conversation_id":null,"itinerary":null} @ webpack-internal:///(app-pages-browser)/./lib/chat-transport.ts:103
[  548153ms] [LOG] [ChatTransport] Received WebSocket response: {"type":"delta","content":"想","error":null,"message_id":"7a7786f9-a4c2-4fed-9abb-1c076903bbd5","conversation_id":null,"itinerary":null} @ webpack-internal:///(app-pages-browser)/./lib/chat-transport.ts:103
[  548188ms] [LOG] [ChatTransport] Received WebSocket response: {"type":"delta","content":"**","error":null,"message_id":"7a7786f9-a4c2-4fed-9abb-1c076903bbd5","conversation_id":null,"itinerary":null} @ webpack-internal:///(app-pages-browser)/./lib/chat-transport.ts:103
[  548246ms] [LOG] [ChatTransport] Received WebSocket response: {"type":"delta","content":"：\n","error":null,"message_id":"7a7786f9-a4c2-4fed-9abb-1c076903bbd5","conversation_id":null,"itinerary":null} @ webpack-internal:///(app-pages-browser)/./lib/chat-transport.ts:103
[  548260ms] [LOG] [ChatTransport] Received WebSocket response: {"type":"delta","content":"1","error":null,"message_id":"7a7786f9-a4c2-4fed-9abb-1c076903bbd5","conversation_id":null,"itinerary":null} @ webpack-internal:///(app-pages-browser)/./lib/chat-transport.ts:103
[  548282ms] [LOG] [ChatTransport] Received WebSocket response: {"type":"delta","content":".","error":null,"message_id":"7a7786f9-a4c2-4fed-9abb-1c076903bbd5","conversation_id":null,"itinerary":null} @ webpack-internal:///(app-pages-browser)/./lib/chat-transport.ts:103
[  548289ms] [LOG] [ChatTransport] Received WebSocket response: {"type":"delta","content":" ","error":null,"message_id":"7a7786f9-a4c2-4fed-9abb-1c076903bbd5","conversation_id":null,"itinerary":null} @ webpack-internal:///(app-pages-browser)/./lib/chat-transport.ts:103
[  548332ms] [LOG] [ChatTransport] Received WebSocket response: {"type":"delta","content":"让我","error":null,"message_id":"7a7786f9-a4c2-4fed-9abb-1c076903bbd5","conversation_id":null,"itinerary":null} @ webpack-internal:///(app-pages-browser)/./lib/chat-transport.ts:103
[  548341ms] [LOG] [ChatTransport] Received WebSocket response: {"type":"delta","content":"根据","error":null,"message_id":"7a7786f9-a4c2-4fed-9abb-1c076903bbd5","conversation_id":null,"itinerary":null} @ webpack-internal:///(app-pages-browser)/./lib/chat-transport.ts:103
[  548448ms] [LOG] [ChatTransport] Received WebSocket response: {"type":"delta","content":"雨天","error":null,"message_id":"7a7786f9-a4c2-4fed-9abb-1c076903bbd5","conversation_id":null,"itinerary":null} @ webpack-internal:///(app-pages-browser)/./lib/chat-transport.ts:103
[  548457ms] [LOG] [ChatTransport] Received WebSocket response: {"type":"delta","content":"情况","error":null,"message_id":"7a7786f9-a4c2-4fed-9abb-1c076903bbd5","conversation_id":null,"itinerary":null} @ webpack-internal:///(app-pages-browser)/./lib/chat-transport.ts:103
[  548488ms] [LOG] [ChatTransport] Received WebSocket response: {"type":"delta","content":"调整","error":null,"message_id":"7a7786f9-a4c2-4fed-9abb-1c076903bbd5","conversation_id":null,"itinerary":null} @ webpack-internal:///(app-pages-browser)/./lib/chat-transport.ts:103
[  548496ms] [LOG] [ChatTransport] Received WebSocket response: {"type":"delta","content":"具体的","error":null,"message_id":"7a7786f9-a4c2-4fed-9abb-1c076903bbd5","conversation_id":null,"itinerary":null} @ webpack-internal:///(app-pages-browser)/./lib/chat-transport.ts:103
[  548542ms] [LOG] [ChatTransport] Received WebSocket response: {"type":"delta","content":"行程","error":null,"message_id":"7a7786f9-a4c2-4fed-9abb-1c076903bbd5","conversation_id":null,"itinerary":null} @ webpack-internal:///(app-pages-browser)/./lib/chat-transport.ts:103
[  548543ms] [LOG] [ChatTransport] Received WebSocket response: {"type":"delta","content":"安排","error":null,"message_id":"7a7786f9-a4c2-4fed-9abb-1c076903bbd5","conversation_id":null,"itinerary":null} @ webpack-internal:///(app-pages-browser)/./lib/chat-transport.ts:103
[  548589ms] [LOG] [ChatTransport] Received WebSocket response: {"type":"delta","content":"？\n","error":null,"message_id":"7a7786f9-a4c2-4fed-9abb-1c076903bbd5","conversation_id":null,"itinerary":null} @ webpack-internal:///(app-pages-browser)/./lib/chat-transport.ts:103
[  548600ms] [LOG] [ChatTransport] Received WebSocket response: {"type":"delta","content":"2","error":null,"message_id":"7a7786f9-a4c2-4fed-9abb-1c076903bbd5","conversation_id":null,"itinerary":null} @ webpack-internal:///(app-pages-browser)/./lib/chat-transport.ts:103
[  548720ms] [LOG] [ChatTransport] Received WebSocket response: {"type":"delta","content":".","error":null,"message_id":"7a7786f9-a4c2-4fed-9abb-1c076903bbd5","conversation_id":null,"itinerary":null} @ webpack-internal:///(app-pages-browser)/./lib/chat-transport.ts:103
[  548732ms] [LOG] [ChatTransport] Received WebSocket response: {"type":"delta","content":" ","error":null,"message_id":"7a7786f9-a4c2-4fed-9abb-1c076903bbd5","conversation_id":null,"itinerary":null} @ webpack-internal:///(app-pages-browser)/./lib/chat-transport.ts:103
[  548734ms] [LOG] [ChatTransport] Received WebSocket response: {"type":"delta","content":"查询","error":null,"message_id":"7a7786f9-a4c2-4fed-9abb-1c076903bbd5","conversation_id":null,"itinerary":null} @ webpack-internal:///(app-pages-browser)/./lib/chat-transport.ts:103
[  548734ms] [LOG] [ChatTransport] Received WebSocket response: {"type":"delta","content":"其他","error":null,"message_id":"7a7786f9-a4c2-4fed-9abb-1c076903bbd5","conversation_id":null,"itinerary":null} @ webpack-internal:///(app-pages-browser)/./lib/chat-transport.ts:103
[  548750ms] [LOG] [ChatTransport] Received WebSocket response: {"type":"delta","content":"日","error":null,"message_id":"7a7786f9-a4c2-4fed-9abb-1c076903bbd5","conversation_id":null,"itinerary":null} @ webpack-internal:///(app-pages-browser)/./lib/chat-transport.ts:103
[  548750ms] [LOG] [ChatTransport] Received WebSocket response: {"type":"delta","content":"期的","error":null,"message_id":"7a7786f9-a4c2-4fed-9abb-1c076903bbd5","conversation_id":null,"itinerary":null} @ webpack-internal:///(app-pages-browser)/./lib/chat-transport.ts:103
[  548814ms] [LOG] [ChatTransport] Received WebSocket response: {"type":"delta","content":"杭州","error":null,"message_id":"7a7786f9-a4c2-4fed-9abb-1c076903bbd5","conversation_id":null,"itinerary":null} @ webpack-internal:///(app-pages-browser)/./lib/chat-transport.ts:103
[  548823ms] [LOG] [ChatTransport] Received WebSocket response: {"type":"delta","content":"天气","error":null,"message_id":"7a7786f9-a4c2-4fed-9abb-1c076903bbd5","conversation_id":null,"itinerary":null} @ webpack-internal:///(app-pages-browser)/./lib/chat-transport.ts:103
[  548850ms] [LOG] [ChatTransport] Received WebSocket response: {"type":"delta","content":"？\n","error":null,"message_id":"7a7786f9-a4c2-4fed-9abb-1c076903bbd5","conversation_id":null,"itinerary":null} @ webpack-internal:///(app-pages-browser)/./lib/chat-transport.ts:103
[  548860ms] [LOG] [ChatTransport] Received WebSocket response: {"type":"delta","content":"3","error":null,"message_id":"7a7786f9-a4c2-4fed-9abb-1c076903bbd5","conversation_id":null,"itinerary":null} @ webpack-internal:///(app-pages-browser)/./lib/chat-transport.ts:103
[  548890ms] [LOG] [ChatTransport] Received WebSocket response: {"type":"delta","content":".","error":null,"message_id":"7a7786f9-a4c2-4fed-9abb-1c076903bbd5","conversation_id":null,"itinerary":null} @ webpack-internal:///(app-pages-browser)/./lib/chat-transport.ts:103
[  548897ms] [LOG] [ChatTransport] Received WebSocket response: {"type":"delta","content":" ","error":null,"message_id":"7a7786f9-a4c2-4fed-9abb-1c076903bbd5","conversation_id":null,"itinerary":null} @ webpack-internal:///(app-pages-browser)/./lib/chat-transport.ts:103
[  548939ms] [LOG] [ChatTransport] Received WebSocket response: {"type":"delta","content":"了解","error":null,"message_id":"7a7786f9-a4c2-4fed-9abb-1c076903bbd5","conversation_id":null,"itinerary":null} @ webpack-internal:///(app-pages-browser)/./lib/chat-transport.ts:103
[  548998ms] [LOG] [ChatTransport] Received WebSocket response: {"type":"delta","content":"行程","error":null,"message_id":"7a7786f9-a4c2-4fed-9abb-1c076903bbd5","conversation_id":null,"itinerary":null} @ webpack-internal:///(app-pages-browser)/./lib/chat-transport.ts:103
[  549041ms] [LOG] [ChatTransport] Received WebSocket response: {"type":"delta","content":"中","error":null,"message_id":"7a7786f9-a4c2-4fed-9abb-1c076903bbd5","conversation_id":null,"itinerary":null} @ webpack-internal:///(app-pages-browser)/./lib/chat-transport.ts:103
[  549100ms] [LOG] [ChatTransport] Received WebSocket response: {"type":"delta","content":"某个","error":null,"message_id":"7a7786f9-a4c2-4fed-9abb-1c076903bbd5","conversation_id":null,"itinerary":null} @ webpack-internal:///(app-pages-browser)/./lib/chat-transport.ts:103
[  549112ms] [LOG] [ChatTransport] Received WebSocket response: {"type":"delta","content":"景","error":null,"message_id":"7a7786f9-a4c2-4fed-9abb-1c076903bbd5","conversation_id":null,"itinerary":null} @ webpack-internal:///(app-pages-browser)/./lib/chat-transport.ts:103
[  549162ms] [LOG] [ChatTransport] Received WebSocket response: {"type":"delta","content":"点的","error":null,"message_id":"7a7786f9-a4c2-4fed-9abb-1c076903bbd5","conversation_id":null,"itinerary":null} @ webpack-internal:///(app-pages-browser)/./lib/chat-transport.ts:103
[  549169ms] [LOG] [ChatTransport] Received WebSocket response: {"type":"delta","content":"详细信息","error":null,"message_id":"7a7786f9-a4c2-4fed-9abb-1c076903bbd5","conversation_id":null,"itinerary":null} @ webpack-internal:///(app-pages-browser)/./lib/chat-transport.ts:103
[  549201ms] [LOG] [ChatTransport] Received WebSocket response: {"type":"delta","content":"？\n","error":null,"message_id":"7a7786f9-a4c2-4fed-9abb-1c076903bbd5","conversation_id":null,"itinerary":null} @ webpack-internal:///(app-pages-browser)/./lib/chat-transport.ts:103
[  549208ms] [LOG] [ChatTransport] Received WebSocket response: {"type":"delta","content":"4","error":null,"message_id":"7a7786f9-a4c2-4fed-9abb-1c076903bbd5","conversation_id":null,"itinerary":null} @ webpack-internal:///(app-pages-browser)/./lib/chat-transport.ts:103
[  549245ms] [LOG] [ChatTransport] Received WebSocket response: {"type":"delta","content":".","error":null,"message_id":"7a7786f9-a4c2-4fed-9abb-1c076903bbd5","conversation_id":null,"itinerary":null} @ webpack-internal:///(app-pages-browser)/./lib/chat-transport.ts:103
[  549252ms] [LOG] [ChatTransport] Received WebSocket response: {"type":"delta","content":" ","error":null,"message_id":"7a7786f9-a4c2-4fed-9abb-1c076903bbd5","conversation_id":null,"itinerary":null} @ webpack-internal:///(app-pages-browser)/./lib/chat-transport.ts:103
[  549297ms] [LOG] [ChatTransport] Received WebSocket response: {"type":"delta","content":"还是","error":null,"message_id":"7a7786f9-a4c2-4fed-9abb-1c076903bbd5","conversation_id":null,"itinerary":null} @ webpack-internal:///(app-pages-browser)/./lib/chat-transport.ts:103
[  549298ms] [LOG] [ChatTransport] Received WebSocket response: {"type":"delta","content":"其他","error":null,"message_id":"7a7786f9-a4c2-4fed-9abb-1c076903bbd5","conversation_id":null,"itinerary":null} @ webpack-internal:///(app-pages-browser)/./lib/chat-transport.ts:103
[  549356ms] [LOG] [ChatTransport] Received WebSocket response: {"type":"delta","content":"关于","error":null,"message_id":"7a7786f9-a4c2-4fed-9abb-1c076903bbd5","conversation_id":null,"itinerary":null} @ webpack-internal:///(app-pages-browser)/./lib/chat-transport.ts:103
[  549431ms] [LOG] [ChatTransport] Received WebSocket response: {"type":"delta","content":"杭州","error":null,"message_id":"7a7786f9-a4c2-4fed-9abb-1c076903bbd5","conversation_id":null,"itinerary":null} @ webpack-internal:///(app-pages-browser)/./lib/chat-transport.ts:103
[  549431ms] [LOG] [ChatTransport] Received WebSocket response: {"type":"delta","content":"旅行","error":null,"message_id":"7a7786f9-a4c2-4fed-9abb-1c076903bbd5","conversation_id":null,"itinerary":null} @ webpack-internal:///(app-pages-browser)/./lib/chat-transport.ts:103
[  549445ms] [LOG] [ChatTransport] Received WebSocket response: {"type":"delta","content":"的问题","error":null,"message_id":"7a7786f9-a4c2-4fed-9abb-1c076903bbd5","conversation_id":null,"itinerary":null} @ webpack-internal:///(app-pages-browser)/./lib/chat-transport.ts:103
[  549455ms] [LOG] [ChatTransport] Received WebSocket response: {"type":"delta","content":"？\n\n","error":null,"message_id":"7a7786f9-a4c2-4fed-9abb-1c076903bbd5","conversation_id":null,"itinerary":null} @ webpack-internal:///(app-pages-browser)/./lib/chat-transport.ts:103
[  549490ms] [LOG] [ChatTransport] Received WebSocket response: {"type":"delta","content":"请","error":null,"message_id":"7a7786f9-a4c2-4fed-9abb-1c076903bbd5","conversation_id":null,"itinerary":null} @ webpack-internal:///(app-pages-browser)/./lib/chat-transport.ts:103
[  549499ms] [LOG] [ChatTransport] Received WebSocket response: {"type":"delta","content":"告诉我","error":null,"message_id":"7a7786f9-a4c2-4fed-9abb-1c076903bbd5","conversation_id":null,"itinerary":null} @ webpack-internal:///(app-pages-browser)/./lib/chat-transport.ts:103
[  549543ms] [LOG] [ChatTransport] Received WebSocket response: {"type":"delta","content":"您的","error":null,"message_id":"7a7786f9-a4c2-4fed-9abb-1c076903bbd5","conversation_id":null,"itinerary":null} @ webpack-internal:///(app-pages-browser)/./lib/chat-transport.ts:103
[  549544ms] [LOG] [ChatTransport] Received WebSocket response: {"type":"delta","content":"需求","error":null,"message_id":"7a7786f9-a4c2-4fed-9abb-1c076903bbd5","conversation_id":null,"itinerary":null} @ webpack-internal:///(app-pages-browser)/./lib/chat-transport.ts:103
[  549663ms] [LOG] [ChatTransport] Received WebSocket response: {"type":"delta","content":"，","error":null,"message_id":"7a7786f9-a4c2-4fed-9abb-1c076903bbd5","conversation_id":null,"itinerary":null} @ webpack-internal:///(app-pages-browser)/./lib/chat-transport.ts:103
[  549674ms] [LOG] [ChatTransport] Received WebSocket response: {"type":"delta","content":"我会","error":null,"message_id":"7a7786f9-a4c2-4fed-9abb-1c076903bbd5","conversation_id":null,"itinerary":null} @ webpack-internal:///(app-pages-browser)/./lib/chat-transport.ts:103
[  549683ms] [LOG] [ChatTransport] Received WebSocket response: {"type":"delta","content":"继续","error":null,"message_id":"7a7786f9-a4c2-4fed-9abb-1c076903bbd5","conversation_id":null,"itinerary":null} @ webpack-internal:///(app-pages-browser)/./lib/chat-transport.ts:103
[  549692ms] [LOG] [ChatTransport] Received WebSocket response: {"type":"delta","content":"为您","error":null,"message_id":"7a7786f9-a4c2-4fed-9abb-1c076903bbd5","conversation_id":null,"itinerary":null} @ webpack-internal:///(app-pages-browser)/./lib/chat-transport.ts:103
[  549700ms] [LOG] [ChatTransport] Received WebSocket response: {"type":"delta","content":"提供","error":null,"message_id":"7a7786f9-a4c2-4fed-9abb-1c076903bbd5","conversation_id":null,"itinerary":null} @ webpack-internal:///(app-pages-browser)/./lib/chat-transport.ts:103
[  549701ms] [LOG] [ChatTransport] Received WebSocket response: {"type":"delta","content":"帮助","error":null,"message_id":"7a7786f9-a4c2-4fed-9abb-1c076903bbd5","conversation_id":null,"itinerary":null} @ webpack-internal:///(app-pages-browser)/./lib/chat-transport.ts:103
[  549740ms] [LOG] [ChatTransport] Received WebSocket response: {"type":"delta","content":"！","error":null,"message_id":"7a7786f9-a4c2-4fed-9abb-1c076903bbd5","conversation_id":null,"itinerary":null} @ webpack-internal:///(app-pages-browser)/./lib/chat-transport.ts:103
[  549816ms] [LOG] [ChatTransport] Received WebSocket response: {"type":"done","content":"根据我们的对话记录，我们刚才聊了以下内容：\n\n## 📋 **对话回顾**\n\n### **1. 杭州3天2夜行程规划**\n我为您详细规划了一个杭州3天2夜的旅行行程，包括：\n- **第一天**：西湖核心景区（游船、断桥、白堤、孤山、博物馆）\n- **第二天**：灵隐寺与龙井茶文化（灵隐寺、龙井村、九溪烟树、河坊街）\n- **第三天**：西溪湿地与现代杭州（西溪湿地、博物馆、购物）\n- 还提供了住宿建议、美食推荐和实用贴士\n\n### **2. 杭州明天天气查询**\n您询问了杭州明天的天气，我查询到：\n- **明天（2026年4月11日，周六）**：大雨转小雨，12-17°C\n- 我根据雨天情况给出了行程调整建议和出行注意事项\n\n## 🔄 **当前状态**\n我们正在讨论**杭州旅行规划**，您询问了天气情况，我建议根据雨天调整行程。\n\n**接下来您想**：\n1. 让我根据雨天情况调整具体的行程安排？\n2. 查询其他日期的杭州天气？\n3. 了解行程中某个景点的详细信息？\n4. 还是其他关于杭州旅行的问题？\n\n请告诉我您的需求，我会继续为您提供帮助！","error":null,"message_id":"7a7786f9-a4c2-4fed-9abb-1c076903bbd5","conversation_id":"63d28fe3-637f-488d-a2b9-df4f86be47e3","itinerary":null} @ webpack-internal:///(app-pages-browser)/./lib/chat-transport.ts:103
[  549816ms] [LOG] [ChatTransport] Updated conversation_id: 63d28fe3-637f-488d-a2b9-df4f86be47e3 @ webpack-internal:///(app-pages-browser)/./lib/chat-transport.ts:121
[ 1190191ms] [INFO] %cDownload the React DevTools for a better development experience: https://react.dev/link/react-devtools font-weight:bold @ webpack-internal:///(app-pages-browser)/./node_modules/next/dist/compiled/react-dom/cjs/react-dom-client.development.js:25630
[ 1190689ms] [LOG] [Auth] Synced user ID to userManager on init: f62f4ec5-1874-4821-97e9-b2c70b35805d @ webpack-internal:///(app-pages-browser)/./lib/store/auth-store.ts:59
[ 1190709ms] [LOG] [Chat] Store conversation changed: 63d28fe3-637f-488d-a2b9-df4f86be47e3 @ webpack-internal:///(app-pages-browser)/./app/chat/page.tsx:158
[ 1190710ms] [WARNING] WebSocket connection to 'ws://localhost:8000/ws/chat' failed: WebSocket is closed before the connection is established. @ webpack-internal:///(app-pages-browser)/./lib/chat-transport.ts:56
[ 1190712ms] [LOG] [Chat] Store conversation changed: 63d28fe3-637f-488d-a2b9-df4f86be47e3 @ webpack-internal:///(app-pages-browser)/./app/chat/page.tsx:158
[ 1190722ms] [ERROR] [ChatTransport] WebSocket error: Event @ webpack-internal:///(app-pages-browser)/./node_modules/next/dist/next-devtools/userspace/app/errors/intercept-console-error.js:56
[ 1190723ms] [ERROR] Event @ webpack-internal:///(app-pages-browser)/./node_modules/next/dist/next-devtools/userspace/app/errors/intercept-console-error.js:56
[ 1190723ms] [LOG] [ChatTransport] WebSocket disconnected 1006  @ webpack-internal:///(app-pages-browser)/./lib/chat-transport.ts:36
[ 1190723ms] [LOG] [ChatTransport] Reconnecting... (1/5) @ webpack-internal:///(app-pages-browser)/./lib/chat-transport.ts:41
[ 1190787ms] [LOG] [Chat] User initialized: f62f4ec5-1874-4821-97e9-b2c70b35805d @ webpack-internal:///(app-pages-browser)/./app/chat/page.tsx:51
[ 1190796ms] [LOG] [Chat] User ID set to transport: f62f4ec5-1874-4821-97e9-b2c70b35805d @ webpack-internal:///(app-pages-browser)/./app/chat/page.tsx:94
[ 1190798ms] [LOG] [Chat] User initialized: f62f4ec5-1874-4821-97e9-b2c70b35805d @ webpack-internal:///(app-pages-browser)/./app/chat/page.tsx:51
[ 1191030ms] [LOG] [ChatTransport] WebSocket connected @ webpack-internal:///(app-pages-browser)/./lib/chat-transport.ts:25
[ 1192042ms] [LOG] [ChatTransport] WebSocket connected @ webpack-internal:///(app-pages-browser)/./lib/chat-transport.ts:25
[ 1194555ms] [INFO] %cDownload the React DevTools for a better development experience: https://react.dev/link/react-devtools font-weight:bold @ webpack-internal:///(app-pages-browser)/./node_modules/next/dist/compiled/react-dom/cjs/react-dom-client.development.js:25630
[ 1194661ms] [LOG] [Auth] Synced user ID to userManager on init: f62f4ec5-1874-4821-97e9-b2c70b35805d @ webpack-internal:///(app-pages-browser)/./lib/store/auth-store.ts:59
