[     598ms] [INFO] %cDownload the React DevTools for a better development experience: https://react.dev/link/react-devtools font-weight:bold @ webpack-internal:///(app-pages-browser)/./node_modules/next/dist/compiled/react-dom/cjs/react-dom-client.development.js:25630
[     779ms] [WARNING] WebSocket connection to 'ws://localhost:8000/ws/chat' failed: WebSocket is closed before the connection is established. @ webpack-internal:///(app-pages-browser)/./lib/chat-transport.ts:56
[     789ms] [ERROR] [ChatTransport] WebSocket error: Event @ webpack-internal:///(app-pages-browser)/./node_modules/next/dist/next-devtools/userspace/app/errors/intercept-console-error.js:56
[     789ms] [ERROR] Event @ webpack-internal:///(app-pages-browser)/./node_modules/next/dist/next-devtools/userspace/app/errors/intercept-console-error.js:56
[     790ms] [LOG] [ChatTransport] WebSocket disconnected 1006  @ webpack-internal:///(app-pages-browser)/./lib/chat-transport.ts:36
[     790ms] [LOG] [ChatTransport] Reconnecting... (1/5) @ webpack-internal:///(app-pages-browser)/./lib/chat-transport.ts:41
[     828ms] [LOG] [Chat] User initialized: 3a76b790-c20e-45f1-8d49-3b2c351e9d6d @ webpack-internal:///(app-pages-browser)/./app/chat/page.tsx:51
[     834ms] [LOG] [Chat] User ID set to transport: 3a76b790-c20e-45f1-8d49-3b2c351e9d6d @ webpack-internal:///(app-pages-browser)/./app/chat/page.tsx:94
[     835ms] [LOG] [Chat] User initialized: aaadc231-aa6e-4a03-965a-825ab591f12e @ webpack-internal:///(app-pages-browser)/./app/chat/page.tsx:51
[     840ms] [LOG] [Chat] User ID set to transport: aaadc231-aa6e-4a03-965a-825ab591f12e @ webpack-internal:///(app-pages-browser)/./app/chat/page.tsx:94
[    1097ms] [LOG] [ChatTransport] WebSocket connected @ webpack-internal:///(app-pages-browser)/./lib/chat-transport.ts:25
[    2106ms] [LOG] [ChatTransport] WebSocket connected @ webpack-internal:///(app-pages-browser)/./lib/chat-transport.ts:25
[   26865ms] [LOG] [ChatTransport] sendMessage called, content: 测试会话ID保持 @ webpack-internal:///(app-pages-browser)/./lib/chat-transport.ts:81
[   26865ms] [LOG] [ChatTransport] isConnected: true ws.readyState: 1 @ webpack-internal:///(app-pages-browser)/./lib/chat-transport.ts:82
[   26865ms] [LOG] [ChatTransport] has_image: false @ webpack-internal:///(app-pages-browser)/./lib/chat-transport.ts:83
[   26865ms] [LOG] [ChatTransport] Sending WebSocket message: msg_1775792057816_892hv0e 测试会话ID保持 @ webpack-internal:///(app-pages-browser)/./lib/chat-transport.ts:100
[   26865ms] [LOG] [ChatTransport] send() called, isConnected: true readyState: 1 @ webpack-internal:///(app-pages-browser)/./lib/chat-transport.ts:69
[   26865ms] [LOG] [ChatTransport] Sending WebSocket data: {"type":"message","session_id":"session_1775792031731_rol3vmh","content":"测试会话ID保持","has_image":false,"user_id":"aaadc231-aa6e-4a03-965a-825ab591f12e"} @ webpack-internal:///(app-pages-browser)/./lib/chat-transport.ts:71
[   31154ms] [LOG] [ChatTransport] Received WebSocket response: {"type":"delta","content":"你好","error":null,"message_id":"622c34e3-79ef-41bc-ae29-72de8375f2c7","conversation_id":null,"itinerary":null} @ webpack-internal:///(app-pages-browser)/./lib/chat-transport.ts:103
[   31207ms] [LOG] [ChatTransport] Received WebSocket response: {"type":"delta","content":"！","error":null,"message_id":"622c34e3-79ef-41bc-ae29-72de8375f2c7","conversation_id":null,"itinerary":null} @ webpack-internal:///(app-pages-browser)/./lib/chat-transport.ts:103
[   31212ms] [LOG] [ChatTransport] Received WebSocket response: {"type":"delta","content":"很高兴","error":null,"message_id":"622c34e3-79ef-41bc-ae29-72de8375f2c7","conversation_id":null,"itinerary":null} @ webpack-internal:///(app-pages-browser)/./lib/chat-transport.ts:103
[   31280ms] [LOG] [ChatTransport] Received WebSocket response: {"type":"delta","content":"再次","error":null,"message_id":"622c34e3-79ef-41bc-ae29-72de8375f2c7","conversation_id":null,"itinerary":null} @ webpack-internal:///(app-pages-browser)/./lib/chat-transport.ts:103
[   31280ms] [LOG] [ChatTransport] Received WebSocket response: {"type":"delta","content":"为你","error":null,"message_id":"622c34e3-79ef-41bc-ae29-72de8375f2c7","conversation_id":null,"itinerary":null} @ webpack-internal:///(app-pages-browser)/./lib/chat-transport.ts:103
[   31294ms] [LOG] [ChatTransport] Received WebSocket response: {"type":"delta","content":"服务","error":null,"message_id":"622c34e3-79ef-41bc-ae29-72de8375f2c7","conversation_id":null,"itinerary":null} @ webpack-internal:///(app-pages-browser)/./lib/chat-transport.ts:103
[   31299ms] [LOG] [ChatTransport] Received WebSocket response: {"type":"delta","content":"！","error":null,"message_id":"622c34e3-79ef-41bc-ae29-72de8375f2c7","conversation_id":null,"itinerary":null} @ webpack-internal:///(app-pages-browser)/./lib/chat-transport.ts:103
[   31391ms] [LOG] [ChatTransport] Received WebSocket response: {"type":"delta","content":"😊","error":null,"message_id":"622c34e3-79ef-41bc-ae29-72de8375f2c7","conversation_id":null,"itinerary":null} @ webpack-internal:///(app-pages-browser)/./lib/chat-transport.ts:103
[   31396ms] [LOG] [ChatTransport] Received WebSocket response: {"type":"delta","content":"\n\n","error":null,"message_id":"622c34e3-79ef-41bc-ae29-72de8375f2c7","conversation_id":null,"itinerary":null} @ webpack-internal:///(app-pages-browser)/./lib/chat-transport.ts:103
[   31416ms] [LOG] [ChatTransport] Received WebSocket response: {"type":"delta","content":"看起来","error":null,"message_id":"622c34e3-79ef-41bc-ae29-72de8375f2c7","conversation_id":null,"itinerary":null} @ webpack-internal:///(app-pages-browser)/./lib/chat-transport.ts:103
[   31425ms] [LOG] [ChatTransport] Received WebSocket response: {"type":"delta","content":"我们","error":null,"message_id":"622c34e3-79ef-41bc-ae29-72de8375f2c7","conversation_id":null,"itinerary":null} @ webpack-internal:///(app-pages-browser)/./lib/chat-transport.ts:103
[   31540ms] [LOG] [ChatTransport] Received WebSocket response: {"type":"delta","content":"之前的","error":null,"message_id":"622c34e3-79ef-41bc-ae29-72de8375f2c7","conversation_id":null,"itinerary":null} @ webpack-internal:///(app-pages-browser)/./lib/chat-transport.ts:103
[   31549ms] [LOG] [ChatTransport] Received WebSocket response: {"type":"delta","content":"对话","error":null,"message_id":"622c34e3-79ef-41bc-ae29-72de8375f2c7","conversation_id":null,"itinerary":null} @ webpack-internal:///(app-pages-browser)/./lib/chat-transport.ts:103
[   31553ms] [LOG] [ChatTransport] Received WebSocket response: {"type":"delta","content":"已经","error":null,"message_id":"622c34e3-79ef-41bc-ae29-72de8375f2c7","conversation_id":null,"itinerary":null} @ webpack-internal:///(app-pages-browser)/./lib/chat-transport.ts:103
[   31559ms] [LOG] [ChatTransport] Received WebSocket response: {"type":"delta","content":"重置","error":null,"message_id":"622c34e3-79ef-41bc-ae29-72de8375f2c7","conversation_id":null,"itinerary":null} @ webpack-internal:///(app-pages-browser)/./lib/chat-transport.ts:103
[   31583ms] [LOG] [ChatTransport] Received WebSocket response: {"type":"delta","content":"了","error":null,"message_id":"622c34e3-79ef-41bc-ae29-72de8375f2c7","conversation_id":null,"itinerary":null} @ webpack-internal:///(app-pages-browser)/./lib/chat-transport.ts:103
[   31587ms] [LOG] [ChatTransport] Received WebSocket response: {"type":"delta","content":"，","error":null,"message_id":"622c34e3-79ef-41bc-ae29-72de8375f2c7","conversation_id":null,"itinerary":null} @ webpack-internal:///(app-pages-browser)/./lib/chat-transport.ts:103
[   31618ms] [LOG] [ChatTransport] Received WebSocket response: {"type":"delta","content":"现在","error":null,"message_id":"622c34e3-79ef-41bc-ae29-72de8375f2c7","conversation_id":null,"itinerary":null} @ webpack-internal:///(app-pages-browser)/./lib/chat-transport.ts:103
[   31664ms] [LOG] [ChatTransport] Received WebSocket response: {"type":"delta","content":"是一个","error":null,"message_id":"622c34e3-79ef-41bc-ae29-72de8375f2c7","conversation_id":null,"itinerary":null} @ webpack-internal:///(app-pages-browser)/./lib/chat-transport.ts:103
[   31672ms] [LOG] [ChatTransport] Received WebSocket response: {"type":"delta","content":"全新的","error":null,"message_id":"622c34e3-79ef-41bc-ae29-72de8375f2c7","conversation_id":null,"itinerary":null} @ webpack-internal:///(app-pages-browser)/./lib/chat-transport.ts:103
[   31701ms] [LOG] [ChatTransport] Received WebSocket response: {"type":"delta","content":"开始","error":null,"message_id":"622c34e3-79ef-41bc-ae29-72de8375f2c7","conversation_id":null,"itinerary":null} @ webpack-internal:///(app-pages-browser)/./lib/chat-transport.ts:103
[   31816ms] [LOG] [ChatTransport] Received WebSocket response: {"type":"delta","content":"。","error":null,"message_id":"622c34e3-79ef-41bc-ae29-72de8375f2c7","conversation_id":null,"itinerary":null} @ webpack-internal:///(app-pages-browser)/./lib/chat-transport.ts:103
[   31821ms] [LOG] [ChatTransport] Received WebSocket response: {"type":"delta","content":"不过","error":null,"message_id":"622c34e3-79ef-41bc-ae29-72de8375f2c7","conversation_id":null,"itinerary":null} @ webpack-internal:///(app-pages-browser)/./lib/chat-transport.ts:103
[   31827ms] [LOG] [ChatTransport] Received WebSocket response: {"type":"delta","content":"不用担心","error":null,"message_id":"622c34e3-79ef-41bc-ae29-72de8375f2c7","conversation_id":null,"itinerary":null} @ webpack-internal:///(app-pages-browser)/./lib/chat-transport.ts:103
[   31832ms] [LOG] [ChatTransport] Received WebSocket response: {"type":"delta","content":"，","error":null,"message_id":"622c34e3-79ef-41bc-ae29-72de8375f2c7","conversation_id":null,"itinerary":null} @ webpack-internal:///(app-pages-browser)/./lib/chat-transport.ts:103
[   31836ms] [LOG] [ChatTransport] Received WebSocket response: {"type":"delta","content":"我","error":null,"message_id":"622c34e3-79ef-41bc-ae29-72de8375f2c7","conversation_id":null,"itinerary":null} @ webpack-internal:///(app-pages-browser)/./lib/chat-transport.ts:103
[   31867ms] [LOG] [ChatTransport] Received WebSocket response: {"type":"delta","content":"依然是","error":null,"message_id":"622c34e3-79ef-41bc-ae29-72de8375f2c7","conversation_id":null,"itinerary":null} @ webpack-internal:///(app-pages-browser)/./lib/chat-transport.ts:103
[   31906ms] [LOG] [ChatTransport] Received WebSocket response: {"type":"delta","content":"你的","error":null,"message_id":"622c34e3-79ef-41bc-ae29-72de8375f2c7","conversation_id":null,"itinerary":null} @ webpack-internal:///(app-pages-browser)/./lib/chat-transport.ts:103
[   31914ms] [LOG] [ChatTransport] Received WebSocket response: {"type":"delta","content":"专业","error":null,"message_id":"622c34e3-79ef-41bc-ae29-72de8375f2c7","conversation_id":null,"itinerary":null} @ webpack-internal:///(app-pages-browser)/./lib/chat-transport.ts:103
[   31948ms] [LOG] [ChatTransport] Received WebSocket response: {"type":"delta","content":"旅游","error":null,"message_id":"622c34e3-79ef-41bc-ae29-72de8375f2c7","conversation_id":null,"itinerary":null} @ webpack-internal:///(app-pages-browser)/./lib/chat-transport.ts:103
[   31958ms] [LOG] [ChatTransport] Received WebSocket response: {"type":"delta","content":"助手","error":null,"message_id":"622c34e3-79ef-41bc-ae29-72de8375f2c7","conversation_id":null,"itinerary":null} @ webpack-internal:///(app-pages-browser)/./lib/chat-transport.ts:103
[   32021ms] [LOG] [ChatTransport] Received WebSocket response: {"type":"delta","content":"AI","error":null,"message_id":"622c34e3-79ef-41bc-ae29-72de8375f2c7","conversation_id":null,"itinerary":null} @ webpack-internal:///(app-pages-browser)/./lib/chat-transport.ts:103
[   32030ms] [LOG] [ChatTransport] Received WebSocket response: {"type":"delta","content":"，","error":null,"message_id":"622c34e3-79ef-41bc-ae29-72de8375f2c7","conversation_id":null,"itinerary":null} @ webpack-internal:///(app-pages-browser)/./lib/chat-transport.ts:103
[   32036ms] [LOG] [ChatTransport] Received WebSocket response: {"type":"delta","content":"随时","error":null,"message_id":"622c34e3-79ef-41bc-ae29-72de8375f2c7","conversation_id":null,"itinerary":null} @ webpack-internal:///(app-pages-browser)/./lib/chat-transport.ts:103
[   32041ms] [LOG] [ChatTransport] Received WebSocket response: {"type":"delta","content":"准备","error":null,"message_id":"622c34e3-79ef-41bc-ae29-72de8375f2c7","conversation_id":null,"itinerary":null} @ webpack-internal:///(app-pages-browser)/./lib/chat-transport.ts:103
[   32068ms] [LOG] [ChatTransport] Received WebSocket response: {"type":"delta","content":"为你","error":null,"message_id":"622c34e3-79ef-41bc-ae29-72de8375f2c7","conversation_id":null,"itinerary":null} @ webpack-internal:///(app-pages-browser)/./lib/chat-transport.ts:103
[   32073ms] [LOG] [ChatTransport] Received WebSocket response: {"type":"delta","content":"提供","error":null,"message_id":"622c34e3-79ef-41bc-ae29-72de8375f2c7","conversation_id":null,"itinerary":null} @ webpack-internal:///(app-pages-browser)/./lib/chat-transport.ts:103
[   32112ms] [LOG] [ChatTransport] Received WebSocket response: {"type":"delta","content":"旅行","error":null,"message_id":"622c34e3-79ef-41bc-ae29-72de8375f2c7","conversation_id":null,"itinerary":null} @ webpack-internal:///(app-pages-browser)/./lib/chat-transport.ts:103
[   32117ms] [LOG] [ChatTransport] Received WebSocket response: {"type":"delta","content":"相关的","error":null,"message_id":"622c34e3-79ef-41bc-ae29-72de8375f2c7","conversation_id":null,"itinerary":null} @ webpack-internal:///(app-pages-browser)/./lib/chat-transport.ts:103
[   32152ms] [LOG] [ChatTransport] Received WebSocket response: {"type":"delta","content":"帮助","error":null,"message_id":"622c34e3-79ef-41bc-ae29-72de8375f2c7","conversation_id":null,"itinerary":null} @ webpack-internal:///(app-pages-browser)/./lib/chat-transport.ts:103
[   32158ms] [LOG] [ChatTransport] Received WebSocket response: {"type":"delta","content":"。\n\n","error":null,"message_id":"622c34e3-79ef-41bc-ae29-72de8375f2c7","conversation_id":null,"itinerary":null} @ webpack-internal:///(app-pages-browser)/./lib/chat-transport.ts:103
[   32194ms] [LOG] [ChatTransport] Received WebSocket response: {"type":"delta","content":"**","error":null,"message_id":"622c34e3-79ef-41bc-ae29-72de8375f2c7","conversation_id":null,"itinerary":null} @ webpack-internal:///(app-pages-browser)/./lib/chat-transport.ts:103
[   32194ms] [LOG] [ChatTransport] Received WebSocket response: {"type":"delta","content":"我能","error":null,"message_id":"622c34e3-79ef-41bc-ae29-72de8375f2c7","conversation_id":null,"itinerary":null} @ webpack-internal:///(app-pages-browser)/./lib/chat-transport.ts:103
[   32234ms] [LOG] [ChatTransport] Received WebSocket response: {"type":"delta","content":"为你","error":null,"message_id":"622c34e3-79ef-41bc-ae29-72de8375f2c7","conversation_id":null,"itinerary":null} @ webpack-internal:///(app-pages-browser)/./lib/chat-transport.ts:103
[   32239ms] [LOG] [ChatTransport] Received WebSocket response: {"type":"delta","content":"做什么","error":null,"message_id":"622c34e3-79ef-41bc-ae29-72de8375f2c7","conversation_id":null,"itinerary":null} @ webpack-internal:///(app-pages-browser)/./lib/chat-transport.ts:103
[   32297ms] [LOG] [ChatTransport] Received WebSocket response: {"type":"delta","content":"：","error":null,"message_id":"622c34e3-79ef-41bc-ae29-72de8375f2c7","conversation_id":null,"itinerary":null} @ webpack-internal:///(app-pages-browser)/./lib/chat-transport.ts:103
[   32305ms] [LOG] [ChatTransport] Received WebSocket response: {"type":"delta","content":"**\n\n","error":null,"message_id":"622c34e3-79ef-41bc-ae29-72de8375f2c7","conversation_id":null,"itinerary":null} @ webpack-internal:///(app-pages-browser)/./lib/chat-transport.ts:103
[   32320ms] [LOG] [ChatTransport] Received WebSocket response: {"type":"delta","content":"1","error":null,"message_id":"622c34e3-79ef-41bc-ae29-72de8375f2c7","conversation_id":null,"itinerary":null} @ webpack-internal:///(app-pages-browser)/./lib/chat-transport.ts:103
[   32326ms] [LOG] [ChatTransport] Received WebSocket response: {"type":"delta","content":".","error":null,"message_id":"622c34e3-79ef-41bc-ae29-72de8375f2c7","conversation_id":null,"itinerary":null} @ webpack-internal:///(app-pages-browser)/./lib/chat-transport.ts:103
[   32361ms] [LOG] [ChatTransport] Received WebSocket response: {"type":"delta","content":" **","error":null,"message_id":"622c34e3-79ef-41bc-ae29-72de8375f2c7","conversation_id":null,"itinerary":null} @ webpack-internal:///(app-pages-browser)/./lib/chat-transport.ts:103
[   32397ms] [LOG] [ChatTransport] Received WebSocket response: {"type":"delta","content":"🗺","error":null,"message_id":"622c34e3-79ef-41bc-ae29-72de8375f2c7","conversation_id":null,"itinerary":null} @ webpack-internal:///(app-pages-browser)/./lib/chat-transport.ts:103
[   32397ms] [LOG] [ChatTransport] Received WebSocket response: {"type":"delta","content":"️","error":null,"message_id":"622c34e3-79ef-41bc-ae29-72de8375f2c7","conversation_id":null,"itinerary":null} @ webpack-internal:///(app-pages-browser)/./lib/chat-transport.ts:103
[   32439ms] [LOG] [ChatTransport] Received WebSocket response: {"type":"delta","content":" ","error":null,"message_id":"622c34e3-79ef-41bc-ae29-72de8375f2c7","conversation_id":null,"itinerary":null} @ webpack-internal:///(app-pages-browser)/./lib/chat-transport.ts:103
[   32440ms] [LOG] [ChatTransport] Received WebSocket response: {"type":"delta","content":"行程","error":null,"message_id":"622c34e3-79ef-41bc-ae29-72de8375f2c7","conversation_id":null,"itinerary":null} @ webpack-internal:///(app-pages-browser)/./lib/chat-transport.ts:103
[   32480ms] [LOG] [ChatTransport] Received WebSocket response: {"type":"delta","content":"规划","error":null,"message_id":"622c34e3-79ef-41bc-ae29-72de8375f2c7","conversation_id":null,"itinerary":null} @ webpack-internal:///(app-pages-browser)/./lib/chat-transport.ts:103
[   32481ms] [LOG] [ChatTransport] Received WebSocket response: {"type":"delta","content":"**","error":null,"message_id":"622c34e3-79ef-41bc-ae29-72de8375f2c7","conversation_id":null,"itinerary":null} @ webpack-internal:///(app-pages-browser)/./lib/chat-transport.ts:103
[   32543ms] [LOG] [ChatTransport] Received WebSocket response: {"type":"delta","content":" -","error":null,"message_id":"622c34e3-79ef-41bc-ae29-72de8375f2c7","conversation_id":null,"itinerary":null} @ webpack-internal:///(app-pages-browser)/./lib/chat-transport.ts:103
[   32549ms] [LOG] [ChatTransport] Received WebSocket response: {"type":"delta","content":" ","error":null,"message_id":"622c34e3-79ef-41bc-ae29-72de8375f2c7","conversation_id":null,"itinerary":null} @ webpack-internal:///(app-pages-browser)/./lib/chat-transport.ts:103
[   32568ms] [LOG] [ChatTransport] Received WebSocket response: {"type":"delta","content":"帮你","error":null,"message_id":"622c34e3-79ef-41bc-ae29-72de8375f2c7","conversation_id":null,"itinerary":null} @ webpack-internal:///(app-pages-browser)/./lib/chat-transport.ts:103
[   32568ms] [LOG] [ChatTransport] Received WebSocket response: {"type":"delta","content":"设计","error":null,"message_id":"622c34e3-79ef-41bc-ae29-72de8375f2c7","conversation_id":null,"itinerary":null} @ webpack-internal:///(app-pages-browser)/./lib/chat-transport.ts:103
[   32608ms] [LOG] [ChatTransport] Received WebSocket response: {"type":"delta","content":"合理的","error":null,"message_id":"622c34e3-79ef-41bc-ae29-72de8375f2c7","conversation_id":null,"itinerary":null} @ webpack-internal:///(app-pages-browser)/./lib/chat-transport.ts:103
[   32615ms] [LOG] [ChatTransport] Received WebSocket response: {"type":"delta","content":"旅行","error":null,"message_id":"622c34e3-79ef-41bc-ae29-72de8375f2c7","conversation_id":null,"itinerary":null} @ webpack-internal:///(app-pages-browser)/./lib/chat-transport.ts:103
[   32645ms] [LOG] [ChatTransport] Received WebSocket response: {"type":"delta","content":"路线","error":null,"message_id":"622c34e3-79ef-41bc-ae29-72de8375f2c7","conversation_id":null,"itinerary":null} @ webpack-internal:///(app-pages-browser)/./lib/chat-transport.ts:103
[   32651ms] [LOG] [ChatTransport] Received WebSocket response: {"type":"delta","content":"，","error":null,"message_id":"622c34e3-79ef-41bc-ae29-72de8375f2c7","conversation_id":null,"itinerary":null} @ webpack-internal:///(app-pages-browser)/./lib/chat-transport.ts:103
[   32686ms] [LOG] [ChatTransport] Received WebSocket response: {"type":"delta","content":"安排","error":null,"message_id":"622c34e3-79ef-41bc-ae29-72de8375f2c7","conversation_id":null,"itinerary":null} @ webpack-internal:///(app-pages-browser)/./lib/chat-transport.ts:103
[   32690ms] [LOG] [ChatTransport] Received WebSocket response: {"type":"delta","content":"景点","error":null,"message_id":"622c34e3-79ef-41bc-ae29-72de8375f2c7","conversation_id":null,"itinerary":null} @ webpack-internal:///(app-pages-browser)/./lib/chat-transport.ts:103
[   32726ms] [LOG] [ChatTransport] Received WebSocket response: {"type":"delta","content":"顺序","error":null,"message_id":"622c34e3-79ef-41bc-ae29-72de8375f2c7","conversation_id":null,"itinerary":null} @ webpack-internal:///(app-pages-browser)/./lib/chat-transport.ts:103
[   32732ms] [LOG] [ChatTransport] Received WebSocket response: {"type":"delta","content":"\n","error":null,"message_id":"622c34e3-79ef-41bc-ae29-72de8375f2c7","conversation_id":null,"itinerary":null} @ webpack-internal:///(app-pages-browser)/./lib/chat-transport.ts:103
[   32769ms] [LOG] [ChatTransport] Received WebSocket response: {"type":"delta","content":"2","error":null,"message_id":"622c34e3-79ef-41bc-ae29-72de8375f2c7","conversation_id":null,"itinerary":null} @ webpack-internal:///(app-pages-browser)/./lib/chat-transport.ts:103
[   32774ms] [LOG] [ChatTransport] Received WebSocket response: {"type":"delta","content":".","error":null,"message_id":"622c34e3-79ef-41bc-ae29-72de8375f2c7","conversation_id":null,"itinerary":null} @ webpack-internal:///(app-pages-browser)/./lib/chat-transport.ts:103
[   32865ms] [LOG] [ChatTransport] Received WebSocket response: {"type":"delta","content":" **","error":null,"message_id":"622c34e3-79ef-41bc-ae29-72de8375f2c7","conversation_id":null,"itinerary":null} @ webpack-internal:///(app-pages-browser)/./lib/chat-transport.ts:103
[   32870ms] [LOG] [ChatTransport] Received WebSocket response: {"type":"delta","content":"🏛","error":null,"message_id":"622c34e3-79ef-41bc-ae29-72de8375f2c7","conversation_id":null,"itinerary":null} @ webpack-internal:///(app-pages-browser)/./lib/chat-transport.ts:103
[   32875ms] [LOG] [ChatTransport] Received WebSocket response: {"type":"delta","content":"️","error":null,"message_id":"622c34e3-79ef-41bc-ae29-72de8375f2c7","conversation_id":null,"itinerary":null} @ webpack-internal:///(app-pages-browser)/./lib/chat-transport.ts:103
[   32888ms] [LOG] [ChatTransport] Received WebSocket response: {"type":"delta","content":" ","error":null,"message_id":"622c34e3-79ef-41bc-ae29-72de8375f2c7","conversation_id":null,"itinerary":null} @ webpack-internal:///(app-pages-browser)/./lib/chat-transport.ts:103
[   32892ms] [LOG] [ChatTransport] Received WebSocket response: {"type":"delta","content":"景点","error":null,"message_id":"622c34e3-79ef-41bc-ae29-72de8375f2c7","conversation_id":null,"itinerary":null} @ webpack-internal:///(app-pages-browser)/./lib/chat-transport.ts:103
[   32929ms] [LOG] [ChatTransport] Received WebSocket response: {"type":"delta","content":"推荐","error":null,"message_id":"622c34e3-79ef-41bc-ae29-72de8375f2c7","conversation_id":null,"itinerary":null} @ webpack-internal:///(app-pages-browser)/./lib/chat-transport.ts:103
[   32936ms] [LOG] [ChatTransport] Received WebSocket response: {"type":"delta","content":"**","error":null,"message_id":"622c34e3-79ef-41bc-ae29-72de8375f2c7","conversation_id":null,"itinerary":null} @ webpack-internal:///(app-pages-browser)/./lib/chat-transport.ts:103
[   32971ms] [LOG] [ChatTransport] Received WebSocket response: {"type":"delta","content":" -","error":null,"message_id":"622c34e3-79ef-41bc-ae29-72de8375f2c7","conversation_id":null,"itinerary":null} @ webpack-internal:///(app-pages-browser)/./lib/chat-transport.ts:103
[   32976ms] [LOG] [ChatTransport] Received WebSocket response: {"type":"delta","content":" ","error":null,"message_id":"622c34e3-79ef-41bc-ae29-72de8375f2c7","conversation_id":null,"itinerary":null} @ webpack-internal:///(app-pages-browser)/./lib/chat-transport.ts:103
[   33036ms] [LOG] [ChatTransport] Received WebSocket response: {"type":"delta","content":"根据","error":null,"message_id":"622c34e3-79ef-41bc-ae29-72de8375f2c7","conversation_id":null,"itinerary":null} @ webpack-internal:///(app-pages-browser)/./lib/chat-transport.ts:103
[   33042ms] [LOG] [ChatTransport] Received WebSocket response: {"type":"delta","content":"你的","error":null,"message_id":"622c34e3-79ef-41bc-ae29-72de8375f2c7","conversation_id":null,"itinerary":null} @ webpack-internal:///(app-pages-browser)/./lib/chat-transport.ts:103
[   33072ms] [LOG] [ChatTransport] Received WebSocket response: {"type":"delta","content":"兴趣","error":null,"message_id":"622c34e3-79ef-41bc-ae29-72de8375f2c7","conversation_id":null,"itinerary":null} @ webpack-internal:///(app-pages-browser)/./lib/chat-transport.ts:103
[   33077ms] [LOG] [ChatTransport] Received WebSocket response: {"type":"delta","content":"推荐","error":null,"message_id":"622c34e3-79ef-41bc-ae29-72de8375f2c7","conversation_id":null,"itinerary":null} @ webpack-internal:///(app-pages-browser)/./lib/chat-transport.ts:103
[   33101ms] [LOG] [ChatTransport] Received WebSocket response: {"type":"delta","content":"合适的","error":null,"message_id":"622c34e3-79ef-41bc-ae29-72de8375f2c7","conversation_id":null,"itinerary":null} @ webpack-internal:///(app-pages-browser)/./lib/chat-transport.ts:103
[   33135ms] [LOG] [ChatTransport] Received WebSocket response: {"type":"delta","content":"景点","error":null,"message_id":"622c34e3-79ef-41bc-ae29-72de8375f2c7","conversation_id":null,"itinerary":null} @ webpack-internal:///(app-pages-browser)/./lib/chat-transport.ts:103
[   33139ms] [LOG] [ChatTransport] Received WebSocket response: {"type":"delta","content":"、","error":null,"message_id":"622c34e3-79ef-41bc-ae29-72de8375f2c7","conversation_id":null,"itinerary":null} @ webpack-internal:///(app-pages-browser)/./lib/chat-transport.ts:103
[   33182ms] [LOG] [ChatTransport] Received WebSocket response: {"type":"delta","content":"餐厅","error":null,"message_id":"622c34e3-79ef-41bc-ae29-72de8375f2c7","conversation_id":null,"itinerary":null} @ webpack-internal:///(app-pages-browser)/./lib/chat-transport.ts:103
[   33191ms] [LOG] [ChatTransport] Received WebSocket response: {"type":"delta","content":"、","error":null,"message_id":"622c34e3-79ef-41bc-ae29-72de8375f2c7","conversation_id":null,"itinerary":null} @ webpack-internal:///(app-pages-browser)/./lib/chat-transport.ts:103
[   33216ms] [LOG] [ChatTransport] Received WebSocket response: {"type":"delta","content":"酒店","error":null,"message_id":"622c34e3-79ef-41bc-ae29-72de8375f2c7","conversation_id":null,"itinerary":null} @ webpack-internal:///(app-pages-browser)/./lib/chat-transport.ts:103
[   33222ms] [LOG] [ChatTransport] Received WebSocket response: {"type":"delta","content":"等","error":null,"message_id":"622c34e3-79ef-41bc-ae29-72de8375f2c7","conversation_id":null,"itinerary":null} @ webpack-internal:///(app-pages-browser)/./lib/chat-transport.ts:103
[   33271ms] [LOG] [ChatTransport] Received WebSocket response: {"type":"delta","content":"\n","error":null,"message_id":"622c34e3-79ef-41bc-ae29-72de8375f2c7","conversation_id":null,"itinerary":null} @ webpack-internal:///(app-pages-browser)/./lib/chat-transport.ts:103
[   33279ms] [LOG] [ChatTransport] Received WebSocket response: {"type":"delta","content":"3","error":null,"message_id":"622c34e3-79ef-41bc-ae29-72de8375f2c7","conversation_id":null,"itinerary":null} @ webpack-internal:///(app-pages-browser)/./lib/chat-transport.ts:103
[   33297ms] [LOG] [ChatTransport] Received WebSocket response: {"type":"delta","content":".","error":null,"message_id":"622c34e3-79ef-41bc-ae29-72de8375f2c7","conversation_id":null,"itinerary":null} @ webpack-internal:///(app-pages-browser)/./lib/chat-transport.ts:103
[   33297ms] [LOG] [ChatTransport] Received WebSocket response: {"type":"delta","content":" **","error":null,"message_id":"622c34e3-79ef-41bc-ae29-72de8375f2c7","conversation_id":null,"itinerary":null} @ webpack-internal:///(app-pages-browser)/./lib/chat-transport.ts:103
[   33345ms] [LOG] [ChatTransport] Received WebSocket response: {"type":"delta","content":"🌤","error":null,"message_id":"622c34e3-79ef-41bc-ae29-72de8375f2c7","conversation_id":null,"itinerary":null} @ webpack-internal:///(app-pages-browser)/./lib/chat-transport.ts:103
[   33382ms] [LOG] [ChatTransport] Received WebSocket response: {"type":"delta","content":"️","error":null,"message_id":"622c34e3-79ef-41bc-ae29-72de8375f2c7","conversation_id":null,"itinerary":null} @ webpack-internal:///(app-pages-browser)/./lib/chat-transport.ts:103
[   33390ms] [LOG] [ChatTransport] Received WebSocket response: {"type":"delta","content":" ","error":null,"message_id":"622c34e3-79ef-41bc-ae29-72de8375f2c7","conversation_id":null,"itinerary":null} @ webpack-internal:///(app-pages-browser)/./lib/chat-transport.ts:103
[   33423ms] [LOG] [ChatTransport] Received WebSocket response: {"type":"delta","content":"天气","error":null,"message_id":"622c34e3-79ef-41bc-ae29-72de8375f2c7","conversation_id":null,"itinerary":null} @ webpack-internal:///(app-pages-browser)/./lib/chat-transport.ts:103
[   33428ms] [LOG] [ChatTransport] Received WebSocket response: {"type":"delta","content":"查询","error":null,"message_id":"622c34e3-79ef-41bc-ae29-72de8375f2c7","conversation_id":null,"itinerary":null} @ webpack-internal:///(app-pages-browser)/./lib/chat-transport.ts:103
[   33458ms] [LOG] [ChatTransport] Received WebSocket response: {"type":"delta","content":"**","error":null,"message_id":"622c34e3-79ef-41bc-ae29-72de8375f2c7","conversation_id":null,"itinerary":null} @ webpack-internal:///(app-pages-browser)/./lib/chat-transport.ts:103
[   33465ms] [LOG] [ChatTransport] Received WebSocket response: {"type":"delta","content":" -","error":null,"message_id":"622c34e3-79ef-41bc-ae29-72de8375f2c7","conversation_id":null,"itinerary":null} @ webpack-internal:///(app-pages-browser)/./lib/chat-transport.ts:103
[   33503ms] [LOG] [ChatTransport] Received WebSocket response: {"type":"delta","content":" ","error":null,"message_id":"622c34e3-79ef-41bc-ae29-72de8375f2c7","conversation_id":null,"itinerary":null} @ webpack-internal:///(app-pages-browser)/./lib/chat-transport.ts:103
[   33512ms] [LOG] [ChatTransport] Received WebSocket response: {"type":"delta","content":"提供","error":null,"message_id":"622c34e3-79ef-41bc-ae29-72de8375f2c7","conversation_id":null,"itinerary":null} @ webpack-internal:///(app-pages-browser)/./lib/chat-transport.ts:103
[   33545ms] [LOG] [ChatTransport] Received WebSocket response: {"type":"delta","content":"目的","error":null,"message_id":"622c34e3-79ef-41bc-ae29-72de8375f2c7","conversation_id":null,"itinerary":null} @ webpack-internal:///(app-pages-browser)/./lib/chat-transport.ts:103
[   33592ms] [LOG] [ChatTransport] Received WebSocket response: {"type":"delta","content":"地的","error":null,"message_id":"622c34e3-79ef-41bc-ae29-72de8375f2c7","conversation_id":null,"itinerary":null} @ webpack-internal:///(app-pages-browser)/./lib/chat-transport.ts:103
[   33601ms] [LOG] [ChatTransport] Received WebSocket response: {"type":"delta","content":"天气","error":null,"message_id":"622c34e3-79ef-41bc-ae29-72de8375f2c7","conversation_id":null,"itinerary":null} @ webpack-internal:///(app-pages-browser)/./lib/chat-transport.ts:103
[   33632ms] [LOG] [ChatTransport] Received WebSocket response: {"type":"delta","content":"情况和","error":null,"message_id":"622c34e3-79ef-41bc-ae29-72de8375f2c7","conversation_id":null,"itinerary":null} @ webpack-internal:///(app-pages-browser)/./lib/chat-transport.ts:103
[   33746ms] [LOG] [ChatTransport] Received WebSocket response: {"type":"delta","content":"预报","error":null,"message_id":"622c34e3-79ef-41bc-ae29-72de8375f2c7","conversation_id":null,"itinerary":null} @ webpack-internal:///(app-pages-browser)/./lib/chat-transport.ts:103
[   33753ms] [LOG] [ChatTransport] Received WebSocket response: {"type":"delta","content":"\n","error":null,"message_id":"622c34e3-79ef-41bc-ae29-72de8375f2c7","conversation_id":null,"itinerary":null} @ webpack-internal:///(app-pages-browser)/./lib/chat-transport.ts:103
[   33756ms] [LOG] [ChatTransport] Received WebSocket response: {"type":"delta","content":"4","error":null,"message_id":"622c34e3-79ef-41bc-ae29-72de8375f2c7","conversation_id":null,"itinerary":null} @ webpack-internal:///(app-pages-browser)/./lib/chat-transport.ts:103
[   33763ms] [LOG] [ChatTransport] Received WebSocket response: {"type":"delta","content":".","error":null,"message_id":"622c34e3-79ef-41bc-ae29-72de8375f2c7","conversation_id":null,"itinerary":null} @ webpack-internal:///(app-pages-browser)/./lib/chat-transport.ts:103
[   33763ms] [LOG] [ChatTransport] Received WebSocket response: {"type":"delta","content":" **","error":null,"message_id":"622c34e3-79ef-41bc-ae29-72de8375f2c7","conversation_id":null,"itinerary":null} @ webpack-internal:///(app-pages-browser)/./lib/chat-transport.ts:103
[   33799ms] [LOG] [ChatTransport] Received WebSocket response: {"type":"delta","content":"🚗","error":null,"message_id":"622c34e3-79ef-41bc-ae29-72de8375f2c7","conversation_id":null,"itinerary":null} @ webpack-internal:///(app-pages-browser)/./lib/chat-transport.ts:103
[   33841ms] [LOG] [ChatTransport] Received WebSocket response: {"type":"delta","content":" ","error":null,"message_id":"622c34e3-79ef-41bc-ae29-72de8375f2c7","conversation_id":null,"itinerary":null} @ webpack-internal:///(app-pages-browser)/./lib/chat-transport.ts:103
[   33847ms] [LOG] [ChatTransport] Received WebSocket response: {"type":"delta","content":"交通","error":null,"message_id":"622c34e3-79ef-41bc-ae29-72de8375f2c7","conversation_id":null,"itinerary":null} @ webpack-internal:///(app-pages-browser)/./lib/chat-transport.ts:103
[   33877ms] [LOG] [ChatTransport] Received WebSocket response: {"type":"delta","content":"信息","error":null,"message_id":"622c34e3-79ef-41bc-ae29-72de8375f2c7","conversation_id":null,"itinerary":null} @ webpack-internal:///(app-pages-browser)/./lib/chat-transport.ts:103
[   33922ms] [LOG] [ChatTransport] Received WebSocket response: {"type":"delta","content":"**","error":null,"message_id":"622c34e3-79ef-41bc-ae29-72de8375f2c7","conversation_id":null,"itinerary":null} @ webpack-internal:///(app-pages-browser)/./lib/chat-transport.ts:103
[   33922ms] [LOG] [ChatTransport] Received WebSocket response: {"type":"delta","content":" -","error":null,"message_id":"622c34e3-79ef-41bc-ae29-72de8375f2c7","conversation_id":null,"itinerary":null} @ webpack-internal:///(app-pages-browser)/./lib/chat-transport.ts:103
[   33954ms] [LOG] [ChatTransport] Received WebSocket response: {"type":"delta","content":" ","error":null,"message_id":"622c34e3-79ef-41bc-ae29-72de8375f2c7","conversation_id":null,"itinerary":null} @ webpack-internal:///(app-pages-browser)/./lib/chat-transport.ts:103
[   33960ms] [LOG] [ChatTransport] Received WebSocket response: {"type":"delta","content":"规划","error":null,"message_id":"622c34e3-79ef-41bc-ae29-72de8375f2c7","conversation_id":null,"itinerary":null} @ webpack-internal:///(app-pages-browser)/./lib/chat-transport.ts:103
[   34042ms] [LOG] [ChatTransport] Received WebSocket response: {"type":"delta","content":"路线","error":null,"message_id":"622c34e3-79ef-41bc-ae29-72de8375f2c7","conversation_id":null,"itinerary":null} @ webpack-internal:///(app-pages-browser)/./lib/chat-transport.ts:103
[   34049ms] [LOG] [ChatTransport] Received WebSocket response: {"type":"delta","content":"、","error":null,"message_id":"622c34e3-79ef-41bc-ae29-72de8375f2c7","conversation_id":null,"itinerary":null} @ webpack-internal:///(app-pages-browser)/./lib/chat-transport.ts:103
[   34054ms] [LOG] [ChatTransport] Received WebSocket response: {"type":"delta","content":"查询","error":null,"message_id":"622c34e3-79ef-41bc-ae29-72de8375f2c7","conversation_id":null,"itinerary":null} @ webpack-internal:///(app-pages-browser)/./lib/chat-transport.ts:103
[   34054ms] [LOG] [ChatTransport] Received WebSocket response: {"type":"delta","content":"交通","error":null,"message_id":"622c34e3-79ef-41bc-ae29-72de8375f2c7","conversation_id":null,"itinerary":null} @ webpack-internal:///(app-pages-browser)/./lib/chat-transport.ts:103
[   34082ms] [LOG] [ChatTransport] Received WebSocket response: {"type":"delta","content":"方式","error":null,"message_id":"622c34e3-79ef-41bc-ae29-72de8375f2c7","conversation_id":null,"itinerary":null} @ webpack-internal:///(app-pages-browser)/./lib/chat-transport.ts:103
[   34088ms] [LOG] [ChatTransport] Received WebSocket response: {"type":"delta","content":"\n","error":null,"message_id":"622c34e3-79ef-41bc-ae29-72de8375f2c7","conversation_id":null,"itinerary":null} @ webpack-internal:///(app-pages-browser)/./lib/chat-transport.ts:103
[   34126ms] [LOG] [ChatTransport] Received WebSocket response: {"type":"delta","content":"5","error":null,"message_id":"622c34e3-79ef-41bc-ae29-72de8375f2c7","conversation_id":null,"itinerary":null} @ webpack-internal:///(app-pages-browser)/./lib/chat-transport.ts:103
[   34135ms] [LOG] [ChatTransport] Received WebSocket response: {"type":"delta","content":".","error":null,"message_id":"622c34e3-79ef-41bc-ae29-72de8375f2c7","conversation_id":null,"itinerary":null} @ webpack-internal:///(app-pages-browser)/./lib/chat-transport.ts:103
[   34166ms] [LOG] [ChatTransport] Received WebSocket response: {"type":"delta","content":" **","error":null,"message_id":"622c34e3-79ef-41bc-ae29-72de8375f2c7","conversation_id":null,"itinerary":null} @ webpack-internal:///(app-pages-browser)/./lib/chat-transport.ts:103
[   34288ms] [LOG] [ChatTransport] Received WebSocket response: {"type":"delta","content":"💡","error":null,"message_id":"622c34e3-79ef-41bc-ae29-72de8375f2c7","conversation_id":null,"itinerary":null} @ webpack-internal:///(app-pages-browser)/./lib/chat-transport.ts:103
[   34296ms] [LOG] [ChatTransport] Received WebSocket response: {"type":"delta","content":" ","error":null,"message_id":"622c34e3-79ef-41bc-ae29-72de8375f2c7","conversation_id":null,"itinerary":null} @ webpack-internal:///(app-pages-browser)/./lib/chat-transport.ts:103
[   34315ms] [LOG] [ChatTransport] Received WebSocket response: {"type":"delta","content":"个性化","error":null,"message_id":"622c34e3-79ef-41bc-ae29-72de8375f2c7","conversation_id":null,"itinerary":null} @ webpack-internal:///(app-pages-browser)/./lib/chat-transport.ts:103
[   34318ms] [LOG] [ChatTransport] Received WebSocket response: {"type":"delta","content":"建议","error":null,"message_id":"622c34e3-79ef-41bc-ae29-72de8375f2c7","conversation_id":null,"itinerary":null} @ webpack-internal:///(app-pages-browser)/./lib/chat-transport.ts:103
[   34319ms] [LOG] [ChatTransport] Received WebSocket response: {"type":"delta","content":"**","error":null,"message_id":"622c34e3-79ef-41bc-ae29-72de8375f2c7","conversation_id":null,"itinerary":null} @ webpack-internal:///(app-pages-browser)/./lib/chat-transport.ts:103
[   34319ms] [LOG] [ChatTransport] Received WebSocket response: {"type":"delta","content":" -","error":null,"message_id":"622c34e3-79ef-41bc-ae29-72de8375f2c7","conversation_id":null,"itinerary":null} @ webpack-internal:///(app-pages-browser)/./lib/chat-transport.ts:103
[   34344ms] [LOG] [ChatTransport] Received WebSocket response: {"type":"delta","content":" ","error":null,"message_id":"622c34e3-79ef-41bc-ae29-72de8375f2c7","conversation_id":null,"itinerary":null} @ webpack-internal:///(app-pages-browser)/./lib/chat-transport.ts:103
[   34350ms] [LOG] [ChatTransport] Received WebSocket response: {"type":"delta","content":"根据","error":null,"message_id":"622c34e3-79ef-41bc-ae29-72de8375f2c7","conversation_id":null,"itinerary":null} @ webpack-internal:///(app-pages-browser)/./lib/chat-transport.ts:103
[   34381ms] [LOG] [ChatTransport] Received WebSocket response: {"type":"delta","content":"你的","error":null,"message_id":"622c34e3-79ef-41bc-ae29-72de8375f2c7","conversation_id":null,"itinerary":null} @ webpack-internal:///(app-pages-browser)/./lib/chat-transport.ts:103
[   34386ms] [LOG] [ChatTransport] Received WebSocket response: {"type":"delta","content":"偏好","error":null,"message_id":"622c34e3-79ef-41bc-ae29-72de8375f2c7","conversation_id":null,"itinerary":null} @ webpack-internal:///(app-pages-browser)/./lib/chat-transport.ts:103
[   34411ms] [LOG] [ChatTransport] Received WebSocket response: {"type":"delta","content":"给出","error":null,"message_id":"622c34e3-79ef-41bc-ae29-72de8375f2c7","conversation_id":null,"itinerary":null} @ webpack-internal:///(app-pages-browser)/./lib/chat-transport.ts:103
[   34463ms] [LOG] [ChatTransport] Received WebSocket response: {"type":"delta","content":"定制","error":null,"message_id":"622c34e3-79ef-41bc-ae29-72de8375f2c7","conversation_id":null,"itinerary":null} @ webpack-internal:///(app-pages-browser)/./lib/chat-transport.ts:103
[   34469ms] [LOG] [ChatTransport] Received WebSocket response: {"type":"delta","content":"化","error":null,"message_id":"622c34e3-79ef-41bc-ae29-72de8375f2c7","conversation_id":null,"itinerary":null} @ webpack-internal:///(app-pages-browser)/./lib/chat-transport.ts:103
[   34497ms] [LOG] [ChatTransport] Received WebSocket response: {"type":"delta","content":"建议","error":null,"message_id":"622c34e3-79ef-41bc-ae29-72de8375f2c7","conversation_id":null,"itinerary":null} @ webpack-internal:///(app-pages-browser)/./lib/chat-transport.ts:103
[   34501ms] [LOG] [ChatTransport] Received WebSocket response: {"type":"delta","content":"\n\n","error":null,"message_id":"622c34e3-79ef-41bc-ae29-72de8375f2c7","conversation_id":null,"itinerary":null} @ webpack-internal:///(app-pages-browser)/./lib/chat-transport.ts:103
[   34708ms] [LOG] [ChatTransport] Received WebSocket response: {"type":"delta","content":"有什么","error":null,"message_id":"622c34e3-79ef-41bc-ae29-72de8375f2c7","conversation_id":null,"itinerary":null} @ webpack-internal:///(app-pages-browser)/./lib/chat-transport.ts:103
[   34717ms] [LOG] [ChatTransport] Received WebSocket response: {"type":"delta","content":"旅行","error":null,"message_id":"622c34e3-79ef-41bc-ae29-72de8375f2c7","conversation_id":null,"itinerary":null} @ webpack-internal:///(app-pages-browser)/./lib/chat-transport.ts:103
[   34723ms] [LOG] [ChatTransport] Received WebSocket response: {"type":"delta","content":"方面","error":null,"message_id":"622c34e3-79ef-41bc-ae29-72de8375f2c7","conversation_id":null,"itinerary":null} @ webpack-internal:///(app-pages-browser)/./lib/chat-transport.ts:103
[   34723ms] [LOG] [ChatTransport] Received WebSocket response: {"type":"delta","content":"的问题","error":null,"message_id":"622c34e3-79ef-41bc-ae29-72de8375f2c7","conversation_id":null,"itinerary":null} @ webpack-internal:///(app-pages-browser)/./lib/chat-transport.ts:103
[   34723ms] [LOG] [ChatTransport] Received WebSocket response: {"type":"delta","content":"需要","error":null,"message_id":"622c34e3-79ef-41bc-ae29-72de8375f2c7","conversation_id":null,"itinerary":null} @ webpack-internal:///(app-pages-browser)/./lib/chat-transport.ts:103
[   34723ms] [LOG] [ChatTransport] Received WebSocket response: {"type":"delta","content":"我","error":null,"message_id":"622c34e3-79ef-41bc-ae29-72de8375f2c7","conversation_id":null,"itinerary":null} @ webpack-internal:///(app-pages-browser)/./lib/chat-transport.ts:103
[   34723ms] [LOG] [ChatTransport] Received WebSocket response: {"type":"delta","content":"帮忙","error":null,"message_id":"622c34e3-79ef-41bc-ae29-72de8375f2c7","conversation_id":null,"itinerary":null} @ webpack-internal:///(app-pages-browser)/./lib/chat-transport.ts:103
[   34769ms] [LOG] [ChatTransport] Received WebSocket response: {"type":"delta","content":"吗","error":null,"message_id":"622c34e3-79ef-41bc-ae29-72de8375f2c7","conversation_id":null,"itinerary":null} @ webpack-internal:///(app-pages-browser)/./lib/chat-transport.ts:103
[   34779ms] [LOG] [ChatTransport] Received WebSocket response: {"type":"delta","content":"？","error":null,"message_id":"622c34e3-79ef-41bc-ae29-72de8375f2c7","conversation_id":null,"itinerary":null} @ webpack-internal:///(app-pages-browser)/./lib/chat-transport.ts:103
[   34797ms] [LOG] [ChatTransport] Received WebSocket response: {"type":"delta","content":"比如","error":null,"message_id":"622c34e3-79ef-41bc-ae29-72de8375f2c7","conversation_id":null,"itinerary":null} @ webpack-internal:///(app-pages-browser)/./lib/chat-transport.ts:103
[   34801ms] [LOG] [ChatTransport] Received WebSocket response: {"type":"delta","content":"你想","error":null,"message_id":"622c34e3-79ef-41bc-ae29-72de8375f2c7","conversation_id":null,"itinerary":null} @ webpack-internal:///(app-pages-browser)/./lib/chat-transport.ts:103
[   34817ms] [LOG] [ChatTransport] Received WebSocket response: {"type":"delta","content":"去哪里","error":null,"message_id":"622c34e3-79ef-41bc-ae29-72de8375f2c7","conversation_id":null,"itinerary":null} @ webpack-internal:///(app-pages-browser)/./lib/chat-transport.ts:103
[   34863ms] [LOG] [ChatTransport] Received WebSocket response: {"type":"delta","content":"旅行","error":null,"message_id":"622c34e3-79ef-41bc-ae29-72de8375f2c7","conversation_id":null,"itinerary":null} @ webpack-internal:///(app-pages-browser)/./lib/chat-transport.ts:103
[   34867ms] [LOG] [ChatTransport] Received WebSocket response: {"type":"delta","content":"？","error":null,"message_id":"622c34e3-79ef-41bc-ae29-72de8375f2c7","conversation_id":null,"itinerary":null} @ webpack-internal:///(app-pages-browser)/./lib/chat-transport.ts:103
[   34900ms] [LOG] [ChatTransport] Received WebSocket response: {"type":"delta","content":"或者","error":null,"message_id":"622c34e3-79ef-41bc-ae29-72de8375f2c7","conversation_id":null,"itinerary":null} @ webpack-internal:///(app-pages-browser)/./lib/chat-transport.ts:103
[   34910ms] [LOG] [ChatTransport] Received WebSocket response: {"type":"delta","content":"有什么","error":null,"message_id":"622c34e3-79ef-41bc-ae29-72de8375f2c7","conversation_id":null,"itinerary":null} @ webpack-internal:///(app-pages-browser)/./lib/chat-transport.ts:103
[   34944ms] [LOG] [ChatTransport] Received WebSocket response: {"type":"delta","content":"特定的","error":null,"message_id":"622c34e3-79ef-41bc-ae29-72de8375f2c7","conversation_id":null,"itinerary":null} @ webpack-internal:///(app-pages-browser)/./lib/chat-transport.ts:103
[   35005ms] [LOG] [ChatTransport] Received WebSocket response: {"type":"delta","content":"需求","error":null,"message_id":"622c34e3-79ef-41bc-ae29-72de8375f2c7","conversation_id":null,"itinerary":null} @ webpack-internal:///(app-pages-browser)/./lib/chat-transport.ts:103
[   35030ms] [LOG] [ChatTransport] Received WebSocket response: {"type":"delta","content":"？","error":null,"message_id":"622c34e3-79ef-41bc-ae29-72de8375f2c7","conversation_id":null,"itinerary":null} @ webpack-internal:///(app-pages-browser)/./lib/chat-transport.ts:103
[   35134ms] [LOG] [ChatTransport] Received WebSocket response: {"type":"done","content":"你好！很高兴再次为你服务！😊\n\n看起来我们之前的对话已经重置了，现在是一个全新的开始。不过不用担心，我依然是你的专业旅游助手AI，随时准备为你提供旅行相关的帮助。\n\n**我能为你做什么：**\n\n1. **🗺️ 行程规划** - 帮你设计合理的旅行路线，安排景点顺序\n2. **🏛️ 景点推荐** - 根据你的兴趣推荐合适的景点、餐厅、酒店等\n3. **🌤️ 天气查询** - 提供目的地的天气情况和预报\n4. **🚗 交通信息** - 规划路线、查询交通方式\n5. **💡 个性化建议** - 根据你的偏好给出定制化建议\n\n有什么旅行方面的问题需要我帮忙吗？比如你想去哪里旅行？或者有什么特定的需求？","error":null,"message_id":"622c34e3-79ef-41bc-ae29-72de8375f2c7","conversation_id":"580bd3af-13c3-4604-893b-0a7c18859997","itinerary":null} @ webpack-internal:///(app-pages-browser)/./lib/chat-transport.ts:103
[   35135ms] [LOG] [ChatTransport] Updated conversation_id: 580bd3af-13c3-4604-893b-0a7c18859997 @ webpack-internal:///(app-pages-browser)/./lib/chat-transport.ts:121
[   60683ms] [LOG] [ChatTransport] sendMessage called, content: 这是第二条消息 @ webpack-internal:///(app-pages-browser)/./lib/chat-transport.ts:81
[   60683ms] [LOG] [ChatTransport] isConnected: true ws.readyState: 1 @ webpack-internal:///(app-pages-browser)/./lib/chat-transport.ts:82
[   60683ms] [LOG] [ChatTransport] has_image: false @ webpack-internal:///(app-pages-browser)/./lib/chat-transport.ts:83
[   60683ms] [LOG] [ChatTransport] Sending WebSocket message: msg_1775792091634_9sn7eoq 这是第二条消息 @ webpack-internal:///(app-pages-browser)/./lib/chat-transport.ts:100
[   60683ms] [LOG] [ChatTransport] send() called, isConnected: true readyState: 1 @ webpack-internal:///(app-pages-browser)/./lib/chat-transport.ts:69
[   60683ms] [LOG] [ChatTransport] Sending WebSocket data: {"type":"message","session_id":"session_1775792031731_rol3vmh","conversation_id":"580bd3af-13c3-4604-893b-0a7c18859997","content":"这是第二条消息","has_image":false,"user_id":"aaadc231-aa6e-4a03-965a-825ab591f12e"} @ webpack-internal:///(app-pages-browser)/./lib/chat-transport.ts:71
[   64768ms] [LOG] [ChatTransport] Received WebSocket response: {"type":"delta","content":"你好","error":null,"message_id":"960b1fb4-ff3d-4aff-9ae2-c0182fdadd89","conversation_id":null,"itinerary":null} @ webpack-internal:///(app-pages-browser)/./lib/chat-transport.ts:103
[   65074ms] [LOG] [ChatTransport] Received WebSocket response: {"type":"delta","content":"！","error":null,"message_id":"960b1fb4-ff3d-4aff-9ae2-c0182fdadd89","conversation_id":null,"itinerary":null} @ webpack-internal:///(app-pages-browser)/./lib/chat-transport.ts:103
[   65079ms] [LOG] [ChatTransport] Received WebSocket response: {"type":"delta","content":"感谢","error":null,"message_id":"960b1fb4-ff3d-4aff-9ae2-c0182fdadd89","conversation_id":null,"itinerary":null} @ webpack-internal:///(app-pages-browser)/./lib/chat-transport.ts:103
[   65079ms] [LOG] [ChatTransport] Received WebSocket response: {"type":"delta","content":"你的","error":null,"message_id":"960b1fb4-ff3d-4aff-9ae2-c0182fdadd89","conversation_id":null,"itinerary":null} @ webpack-internal:///(app-pages-browser)/./lib/chat-transport.ts:103
[   65084ms] [LOG] [ChatTransport] Received WebSocket response: {"type":"delta","content":"第二条","error":null,"message_id":"960b1fb4-ff3d-4aff-9ae2-c0182fdadd89","conversation_id":null,"itinerary":null} @ webpack-internal:///(app-pages-browser)/./lib/chat-transport.ts:103
[   65084ms] [LOG] [ChatTransport] Received WebSocket response: {"type":"delta","content":"消息","error":null,"message_id":"960b1fb4-ff3d-4aff-9ae2-c0182fdadd89","conversation_id":null,"itinerary":null} @ webpack-internal:///(app-pages-browser)/./lib/chat-transport.ts:103
[   65084ms] [LOG] [ChatTransport] Received WebSocket response: {"type":"delta","content":"！","error":null,"message_id":"960b1fb4-ff3d-4aff-9ae2-c0182fdadd89","conversation_id":null,"itinerary":null} @ webpack-internal:///(app-pages-browser)/./lib/chat-transport.ts:103
[   65084ms] [LOG] [ChatTransport] Received WebSocket response: {"type":"delta","content":"😊","error":null,"message_id":"960b1fb4-ff3d-4aff-9ae2-c0182fdadd89","conversation_id":null,"itinerary":null} @ webpack-internal:///(app-pages-browser)/./lib/chat-transport.ts:103
[   65084ms] [LOG] [ChatTransport] Received WebSocket response: {"type":"delta","content":"\n\n","error":null,"message_id":"960b1fb4-ff3d-4aff-9ae2-c0182fdadd89","conversation_id":null,"itinerary":null} @ webpack-internal:///(app-pages-browser)/./lib/chat-transport.ts:103
[   65084ms] [LOG] [ChatTransport] Received WebSocket response: {"type":"delta","content":"看起来","error":null,"message_id":"960b1fb4-ff3d-4aff-9ae2-c0182fdadd89","conversation_id":null,"itinerary":null} @ webpack-internal:///(app-pages-browser)/./lib/chat-transport.ts:103
[   65119ms] [LOG] [ChatTransport] Received WebSocket response: {"type":"delta","content":"我们","error":null,"message_id":"960b1fb4-ff3d-4aff-9ae2-c0182fdadd89","conversation_id":null,"itinerary":null} @ webpack-internal:///(app-pages-browser)/./lib/chat-transport.ts:103
[   65126ms] [LOG] [ChatTransport] Received WebSocket response: {"type":"delta","content":"正在","error":null,"message_id":"960b1fb4-ff3d-4aff-9ae2-c0182fdadd89","conversation_id":null,"itinerary":null} @ webpack-internal:///(app-pages-browser)/./lib/chat-transport.ts:103
[   65138ms] [LOG] [ChatTransport] Received WebSocket response: {"type":"delta","content":"测试","error":null,"message_id":"960b1fb4-ff3d-4aff-9ae2-c0182fdadd89","conversation_id":null,"itinerary":null} @ webpack-internal:///(app-pages-browser)/./lib/chat-transport.ts:103
[   65142ms] [LOG] [ChatTransport] Received WebSocket response: {"type":"delta","content":"会话","error":null,"message_id":"960b1fb4-ff3d-4aff-9ae2-c0182fdadd89","conversation_id":null,"itinerary":null} @ webpack-internal:///(app-pages-browser)/./lib/chat-transport.ts:103
[   65182ms] [LOG] [ChatTransport] Received WebSocket response: {"type":"delta","content":"的","error":null,"message_id":"960b1fb4-ff3d-4aff-9ae2-c0182fdadd89","conversation_id":null,"itinerary":null} @ webpack-internal:///(app-pages-browser)/./lib/chat-transport.ts:103
[   65222ms] [LOG] [ChatTransport] Received WebSocket response: {"type":"delta","content":"连续性","error":null,"message_id":"960b1fb4-ff3d-4aff-9ae2-c0182fdadd89","conversation_id":null,"itinerary":null} @ webpack-internal:///(app-pages-browser)/./lib/chat-transport.ts:103
[   65231ms] [LOG] [ChatTransport] Received WebSocket response: {"type":"delta","content":"。","error":null,"message_id":"960b1fb4-ff3d-4aff-9ae2-c0182fdadd89","conversation_id":null,"itinerary":null} @ webpack-internal:///(app-pages-browser)/./lib/chat-transport.ts:103
[   65290ms] [LOG] [ChatTransport] Received WebSocket response: {"type":"delta","content":"虽然","error":null,"message_id":"960b1fb4-ff3d-4aff-9ae2-c0182fdadd89","conversation_id":null,"itinerary":null} @ webpack-internal:///(app-pages-browser)/./lib/chat-transport.ts:103
[   65297ms] [LOG] [ChatTransport] Received WebSocket response: {"type":"delta","content":"之前的","error":null,"message_id":"960b1fb4-ff3d-4aff-9ae2-c0182fdadd89","conversation_id":null,"itinerary":null} @ webpack-internal:///(app-pages-browser)/./lib/chat-transport.ts:103
[   65304ms] [LOG] [ChatTransport] Received WebSocket response: {"type":"delta","content":"对话","error":null,"message_id":"960b1fb4-ff3d-4aff-9ae2-c0182fdadd89","conversation_id":null,"itinerary":null} @ webpack-internal:///(app-pages-browser)/./lib/chat-transport.ts:103
[   65309ms] [LOG] [ChatTransport] Received WebSocket response: {"type":"delta","content":"内容","error":null,"message_id":"960b1fb4-ff3d-4aff-9ae2-c0182fdadd89","conversation_id":null,"itinerary":null} @ webpack-internal:///(app-pages-browser)/./lib/chat-transport.ts:103
[   65424ms] [LOG] [ChatTransport] Received WebSocket response: {"type":"delta","content":"可能","error":null,"message_id":"960b1fb4-ff3d-4aff-9ae2-c0182fdadd89","conversation_id":null,"itinerary":null} @ webpack-internal:///(app-pages-browser)/./lib/chat-transport.ts:103
[   65429ms] [LOG] [ChatTransport] Received WebSocket response: {"type":"delta","content":"没有","error":null,"message_id":"960b1fb4-ff3d-4aff-9ae2-c0182fdadd89","conversation_id":null,"itinerary":null} @ webpack-internal:///(app-pages-browser)/./lib/chat-transport.ts:103
[   65434ms] [LOG] [ChatTransport] Received WebSocket response: {"type":"delta","content":"完全","error":null,"message_id":"960b1fb4-ff3d-4aff-9ae2-c0182fdadd89","conversation_id":null,"itinerary":null} @ webpack-internal:///(app-pages-browser)/./lib/chat-transport.ts:103
[   65434ms] [LOG] [ChatTransport] Received WebSocket response: {"type":"delta","content":"保留","error":null,"message_id":"960b1fb4-ff3d-4aff-9ae2-c0182fdadd89","conversation_id":null,"itinerary":null} @ webpack-internal:///(app-pages-browser)/./lib/chat-transport.ts:103
[   65468ms] [LOG] [ChatTransport] Received WebSocket response: {"type":"delta","content":"，","error":null,"message_id":"960b1fb4-ff3d-4aff-9ae2-c0182fdadd89","conversation_id":null,"itinerary":null} @ webpack-internal:///(app-pages-browser)/./lib/chat-transport.ts:103
[   65474ms] [LOG] [ChatTransport] Received WebSocket response: {"type":"delta","content":"但我","error":null,"message_id":"960b1fb4-ff3d-4aff-9ae2-c0182fdadd89","conversation_id":null,"itinerary":null} @ webpack-internal:///(app-pages-browser)/./lib/chat-transport.ts:103
[   65531ms] [LOG] [ChatTransport] Received WebSocket response: {"type":"delta","content":"依然","error":null,"message_id":"960b1fb4-ff3d-4aff-9ae2-c0182fdadd89","conversation_id":null,"itinerary":null} @ webpack-internal:///(app-pages-browser)/./lib/chat-transport.ts:103
[   65540ms] [LOG] [ChatTransport] Received WebSocket response: {"type":"delta","content":"在这里","error":null,"message_id":"960b1fb4-ff3d-4aff-9ae2-c0182fdadd89","conversation_id":null,"itinerary":null} @ webpack-internal:///(app-pages-browser)/./lib/chat-transport.ts:103
[   65551ms] [LOG] [ChatTransport] Received WebSocket response: {"type":"delta","content":"为你","error":null,"message_id":"960b1fb4-ff3d-4aff-9ae2-c0182fdadd89","conversation_id":null,"itinerary":null} @ webpack-internal:///(app-pages-browser)/./lib/chat-transport.ts:103
[   65555ms] [LOG] [ChatTransport] Received WebSocket response: {"type":"delta","content":"提供","error":null,"message_id":"960b1fb4-ff3d-4aff-9ae2-c0182fdadd89","conversation_id":null,"itinerary":null} @ webpack-internal:///(app-pages-browser)/./lib/chat-transport.ts:103
[   65589ms] [LOG] [ChatTransport] Received WebSocket response: {"type":"delta","content":"帮助","error":null,"message_id":"960b1fb4-ff3d-4aff-9ae2-c0182fdadd89","conversation_id":null,"itinerary":null} @ webpack-internal:///(app-pages-browser)/./lib/chat-transport.ts:103
[   65639ms] [LOG] [ChatTransport] Received WebSocket response: {"type":"delta","content":"。\n\n","error":null,"message_id":"960b1fb4-ff3d-4aff-9ae2-c0182fdadd89","conversation_id":null,"itinerary":null} @ webpack-internal:///(app-pages-browser)/./lib/chat-transport.ts:103
[   65646ms] [LOG] [ChatTransport] Received WebSocket response: {"type":"delta","content":"**","error":null,"message_id":"960b1fb4-ff3d-4aff-9ae2-c0182fdadd89","conversation_id":null,"itinerary":null} @ webpack-internal:///(app-pages-browser)/./lib/chat-transport.ts:103
[   65675ms] [LOG] [ChatTransport] Received WebSocket response: {"type":"delta","content":"关于","error":null,"message_id":"960b1fb4-ff3d-4aff-9ae2-c0182fdadd89","conversation_id":null,"itinerary":null} @ webpack-internal:///(app-pages-browser)/./lib/chat-transport.ts:103
[   65728ms] [LOG] [ChatTransport] Received WebSocket response: {"type":"delta","content":"会话","error":null,"message_id":"960b1fb4-ff3d-4aff-9ae2-c0182fdadd89","conversation_id":null,"itinerary":null} @ webpack-internal:///(app-pages-browser)/./lib/chat-transport.ts:103
[   65759ms] [LOG] [ChatTransport] Received WebSocket response: {"type":"delta","content":"记忆","error":null,"message_id":"960b1fb4-ff3d-4aff-9ae2-c0182fdadd89","conversation_id":null,"itinerary":null} @ webpack-internal:///(app-pages-browser)/./lib/chat-transport.ts:103
[   65802ms] [LOG] [ChatTransport] Received WebSocket response: {"type":"delta","content":"：","error":null,"message_id":"960b1fb4-ff3d-4aff-9ae2-c0182fdadd89","conversation_id":null,"itinerary":null} @ webpack-internal:///(app-pages-browser)/./lib/chat-transport.ts:103
[   65809ms] [LOG] [ChatTransport] Received WebSocket response: {"type":"delta","content":"**\n","error":null,"message_id":"960b1fb4-ff3d-4aff-9ae2-c0182fdadd89","conversation_id":null,"itinerary":null} @ webpack-internal:///(app-pages-browser)/./lib/chat-transport.ts:103
[   65841ms] [LOG] [ChatTransport] Received WebSocket response: {"type":"delta","content":"-","error":null,"message_id":"960b1fb4-ff3d-4aff-9ae2-c0182fdadd89","conversation_id":null,"itinerary":null} @ webpack-internal:///(app-pages-browser)/./lib/chat-transport.ts:103
[   65847ms] [LOG] [ChatTransport] Received WebSocket response: {"type":"delta","content":" ","error":null,"message_id":"960b1fb4-ff3d-4aff-9ae2-c0182fdadd89","conversation_id":null,"itinerary":null} @ webpack-internal:///(app-pages-browser)/./lib/chat-transport.ts:103
[   65877ms] [LOG] [ChatTransport] Received WebSocket response: {"type":"delta","content":"我能","error":null,"message_id":"960b1fb4-ff3d-4aff-9ae2-c0182fdadd89","conversation_id":null,"itinerary":null} @ webpack-internal:///(app-pages-browser)/./lib/chat-transport.ts:103
[   65883ms] [LOG] [ChatTransport] Received WebSocket response: {"type":"delta","content":"看到","error":null,"message_id":"960b1fb4-ff3d-4aff-9ae2-c0182fdadd89","conversation_id":null,"itinerary":null} @ webpack-internal:///(app-pages-browser)/./lib/chat-transport.ts:103
[   65917ms] [LOG] [ChatTransport] Received WebSocket response: {"type":"delta","content":"这是","error":null,"message_id":"960b1fb4-ff3d-4aff-9ae2-c0182fdadd89","conversation_id":null,"itinerary":null} @ webpack-internal:///(app-pages-browser)/./lib/chat-transport.ts:103
[   65961ms] [LOG] [ChatTransport] Received WebSocket response: {"type":"delta","content":"我们的","error":null,"message_id":"960b1fb4-ff3d-4aff-9ae2-c0182fdadd89","conversation_id":null,"itinerary":null} @ webpack-internal:///(app-pages-browser)/./lib/chat-transport.ts:103
[   66005ms] [LOG] [ChatTransport] Received WebSocket response: {"type":"delta","content":"对话","error":null,"message_id":"960b1fb4-ff3d-4aff-9ae2-c0182fdadd89","conversation_id":null,"itinerary":null} @ webpack-internal:///(app-pages-browser)/./lib/chat-transport.ts:103
[   66011ms] [LOG] [ChatTransport] Received WebSocket response: {"type":"delta","content":"在","error":null,"message_id":"960b1fb4-ff3d-4aff-9ae2-c0182fdadd89","conversation_id":null,"itinerary":null} @ webpack-internal:///(app-pages-browser)/./lib/chat-transport.ts:103
[   66042ms] [LOG] [ChatTransport] Received WebSocket response: {"type":"delta","content":"继续","error":null,"message_id":"960b1fb4-ff3d-4aff-9ae2-c0182fdadd89","conversation_id":null,"itinerary":null} @ webpack-internal:///(app-pages-browser)/./lib/chat-transport.ts:103
[   66046ms] [LOG] [ChatTransport] Received WebSocket response: {"type":"delta","content":"\n","error":null,"message_id":"960b1fb4-ff3d-4aff-9ae2-c0182fdadd89","conversation_id":null,"itinerary":null} @ webpack-internal:///(app-pages-browser)/./lib/chat-transport.ts:103
[   66084ms] [LOG] [ChatTransport] Received WebSocket response: {"type":"delta","content":"-","error":null,"message_id":"960b1fb4-ff3d-4aff-9ae2-c0182fdadd89","conversation_id":null,"itinerary":null} @ webpack-internal:///(app-pages-browser)/./lib/chat-transport.ts:103
[   66089ms] [LOG] [ChatTransport] Received WebSocket response: {"type":"delta","content":" ","error":null,"message_id":"960b1fb4-ff3d-4aff-9ae2-c0182fdadd89","conversation_id":null,"itinerary":null} @ webpack-internal:///(app-pages-browser)/./lib/chat-transport.ts:103
[   66170ms] [LOG] [ChatTransport] Received WebSocket response: {"type":"delta","content":"我可以","error":null,"message_id":"960b1fb4-ff3d-4aff-9ae2-c0182fdadd89","conversation_id":null,"itinerary":null} @ webpack-internal:///(app-pages-browser)/./lib/chat-transport.ts:103
[   66176ms] [LOG] [ChatTransport] Received WebSocket response: {"type":"delta","content":"根据","error":null,"message_id":"960b1fb4-ff3d-4aff-9ae2-c0182fdadd89","conversation_id":null,"itinerary":null} @ webpack-internal:///(app-pages-browser)/./lib/chat-transport.ts:103
[   66176ms] [LOG] [ChatTransport] Received WebSocket response: {"type":"delta","content":"当前","error":null,"message_id":"960b1fb4-ff3d-4aff-9ae2-c0182fdadd89","conversation_id":null,"itinerary":null} @ webpack-internal:///(app-pages-browser)/./lib/chat-transport.ts:103
[   66221ms] [LOG] [ChatTransport] Received WebSocket response: {"type":"delta","content":"对话","error":null,"message_id":"960b1fb4-ff3d-4aff-9ae2-c0182fdadd89","conversation_id":null,"itinerary":null} @ webpack-internal:///(app-pages-browser)/./lib/chat-transport.ts:103
[   66226ms] [LOG] [ChatTransport] Received WebSocket response: {"type":"delta","content":"内容","error":null,"message_id":"960b1fb4-ff3d-4aff-9ae2-c0182fdadd89","conversation_id":null,"itinerary":null} @ webpack-internal:///(app-pages-browser)/./lib/chat-transport.ts:103
[   66250ms] [LOG] [ChatTransport] Received WebSocket response: {"type":"delta","content":"为你","error":null,"message_id":"960b1fb4-ff3d-4aff-9ae2-c0182fdadd89","conversation_id":null,"itinerary":null} @ webpack-internal:///(app-pages-browser)/./lib/chat-transport.ts:103
[   66250ms] [LOG] [ChatTransport] Received WebSocket response: {"type":"delta","content":"提供","error":null,"message_id":"960b1fb4-ff3d-4aff-9ae2-c0182fdadd89","conversation_id":null,"itinerary":null} @ webpack-internal:///(app-pages-browser)/./lib/chat-transport.ts:103
[   66288ms] [LOG] [ChatTransport] Received WebSocket response: {"type":"delta","content":"连贯","error":null,"message_id":"960b1fb4-ff3d-4aff-9ae2-c0182fdadd89","conversation_id":null,"itinerary":null} @ webpack-internal:///(app-pages-browser)/./lib/chat-transport.ts:103
[   66336ms] [LOG] [ChatTransport] Received WebSocket response: {"type":"delta","content":"的服务","error":null,"message_id":"960b1fb4-ff3d-4aff-9ae2-c0182fdadd89","conversation_id":null,"itinerary":null} @ webpack-internal:///(app-pages-browser)/./lib/chat-transport.ts:103
[   66337ms] [LOG] [ChatTransport] Received WebSocket response: {"type":"delta","content":"\n","error":null,"message_id":"960b1fb4-ff3d-4aff-9ae2-c0182fdadd89","conversation_id":null,"itinerary":null} @ webpack-internal:///(app-pages-browser)/./lib/chat-transport.ts:103
[   66370ms] [LOG] [ChatTransport] Received WebSocket response: {"type":"delta","content":"-","error":null,"message_id":"960b1fb4-ff3d-4aff-9ae2-c0182fdadd89","conversation_id":null,"itinerary":null} @ webpack-internal:///(app-pages-browser)/./lib/chat-transport.ts:103
[   66370ms] [LOG] [ChatTransport] Received WebSocket response: {"type":"delta","content":" ","error":null,"message_id":"960b1fb4-ff3d-4aff-9ae2-c0182fdadd89","conversation_id":null,"itinerary":null} @ webpack-internal:///(app-pages-browser)/./lib/chat-transport.ts:103
[   66408ms] [LOG] [ChatTransport] Received WebSocket response: {"type":"delta","content":"如果你","error":null,"message_id":"960b1fb4-ff3d-4aff-9ae2-c0182fdadd89","conversation_id":null,"itinerary":null} @ webpack-internal:///(app-pages-browser)/./lib/chat-transport.ts:103
[   66408ms] [LOG] [ChatTransport] Received WebSocket response: {"type":"delta","content":"有","error":null,"message_id":"960b1fb4-ff3d-4aff-9ae2-c0182fdadd89","conversation_id":null,"itinerary":null} @ webpack-internal:///(app-pages-browser)/./lib/chat-transport.ts:103
[   66448ms] [LOG] [ChatTransport] Received WebSocket response: {"type":"delta","content":"具体的","error":null,"message_id":"960b1fb4-ff3d-4aff-9ae2-c0182fdadd89","conversation_id":null,"itinerary":null} @ webpack-internal:///(app-pages-browser)/./lib/chat-transport.ts:103
[   66452ms] [LOG] [ChatTransport] Received WebSocket response: {"type":"delta","content":"旅行","error":null,"message_id":"960b1fb4-ff3d-4aff-9ae2-c0182fdadd89","conversation_id":null,"itinerary":null} @ webpack-internal:///(app-pages-browser)/./lib/chat-transport.ts:103
[   66672ms] [LOG] [ChatTransport] Received WebSocket response: {"type":"delta","content":"需求","error":null,"message_id":"960b1fb4-ff3d-4aff-9ae2-c0182fdadd89","conversation_id":null,"itinerary":null} @ webpack-internal:///(app-pages-browser)/./lib/chat-transport.ts:103
[   66682ms] [LOG] [ChatTransport] Received WebSocket response: {"type":"delta","content":"，","error":null,"message_id":"960b1fb4-ff3d-4aff-9ae2-c0182fdadd89","conversation_id":null,"itinerary":null} @ webpack-internal:///(app-pages-browser)/./lib/chat-transport.ts:103
[   66687ms] [LOG] [ChatTransport] Received WebSocket response: {"type":"delta","content":"我会","error":null,"message_id":"960b1fb4-ff3d-4aff-9ae2-c0182fdadd89","conversation_id":null,"itinerary":null} @ webpack-internal:///(app-pages-browser)/./lib/chat-transport.ts:103
[   66688ms] [LOG] [ChatTransport] Received WebSocket response: {"type":"delta","content":"全力","error":null,"message_id":"960b1fb4-ff3d-4aff-9ae2-c0182fdadd89","conversation_id":null,"itinerary":null} @ webpack-internal:///(app-pages-browser)/./lib/chat-transport.ts:103
[   66688ms] [LOG] [ChatTransport] Received WebSocket response: {"type":"delta","content":"协助","error":null,"message_id":"960b1fb4-ff3d-4aff-9ae2-c0182fdadd89","conversation_id":null,"itinerary":null} @ webpack-internal:///(app-pages-browser)/./lib/chat-transport.ts:103
[   66688ms] [LOG] [ChatTransport] Received WebSocket response: {"type":"delta","content":"\n\n","error":null,"message_id":"960b1fb4-ff3d-4aff-9ae2-c0182fdadd89","conversation_id":null,"itinerary":null} @ webpack-internal:///(app-pages-browser)/./lib/chat-transport.ts:103
[   66688ms] [LOG] [ChatTransport] Received WebSocket response: {"type":"delta","content":"**","error":null,"message_id":"960b1fb4-ff3d-4aff-9ae2-c0182fdadd89","conversation_id":null,"itinerary":null} @ webpack-internal:///(app-pages-browser)/./lib/chat-transport.ts:103
[   66688ms] [LOG] [ChatTransport] Received WebSocket response: {"type":"delta","content":"现在","error":null,"message_id":"960b1fb4-ff3d-4aff-9ae2-c0182fdadd89","conversation_id":null,"itinerary":null} @ webpack-internal:///(app-pages-browser)/./lib/chat-transport.ts:103
[   66701ms] [LOG] [ChatTransport] Received WebSocket response: {"type":"delta","content":"我能","error":null,"message_id":"960b1fb4-ff3d-4aff-9ae2-c0182fdadd89","conversation_id":null,"itinerary":null} @ webpack-internal:///(app-pages-browser)/./lib/chat-transport.ts:103
[   66744ms] [LOG] [ChatTransport] Received WebSocket response: {"type":"delta","content":"为你","error":null,"message_id":"960b1fb4-ff3d-4aff-9ae2-c0182fdadd89","conversation_id":null,"itinerary":null} @ webpack-internal:///(app-pages-browser)/./lib/chat-transport.ts:103
[   66753ms] [LOG] [ChatTransport] Received WebSocket response: {"type":"delta","content":"做什么","error":null,"message_id":"960b1fb4-ff3d-4aff-9ae2-c0182fdadd89","conversation_id":null,"itinerary":null} @ webpack-internal:///(app-pages-browser)/./lib/chat-transport.ts:103
[   66784ms] [LOG] [ChatTransport] Received WebSocket response: {"type":"delta","content":"？","error":null,"message_id":"960b1fb4-ff3d-4aff-9ae2-c0182fdadd89","conversation_id":null,"itinerary":null} @ webpack-internal:///(app-pages-browser)/./lib/chat-transport.ts:103
[   66823ms] [LOG] [ChatTransport] Received WebSocket response: {"type":"delta","content":"**\n","error":null,"message_id":"960b1fb4-ff3d-4aff-9ae2-c0182fdadd89","conversation_id":null,"itinerary":null} @ webpack-internal:///(app-pages-browser)/./lib/chat-transport.ts:103
[   66827ms] [LOG] [ChatTransport] Received WebSocket response: {"type":"delta","content":"-","error":null,"message_id":"960b1fb4-ff3d-4aff-9ae2-c0182fdadd89","conversation_id":null,"itinerary":null} @ webpack-internal:///(app-pages-browser)/./lib/chat-transport.ts:103
[   66867ms] [LOG] [ChatTransport] Received WebSocket response: {"type":"delta","content":" ","error":null,"message_id":"960b1fb4-ff3d-4aff-9ae2-c0182fdadd89","conversation_id":null,"itinerary":null} @ webpack-internal:///(app-pages-browser)/./lib/chat-transport.ts:103
[   66867ms] [LOG] [ChatTransport] Received WebSocket response: {"type":"delta","content":"你想","error":null,"message_id":"960b1fb4-ff3d-4aff-9ae2-c0182fdadd89","conversation_id":null,"itinerary":null} @ webpack-internal:///(app-pages-browser)/./lib/chat-transport.ts:103
[   66906ms] [LOG] [ChatTransport] Received WebSocket response: {"type":"delta","content":"了解","error":null,"message_id":"960b1fb4-ff3d-4aff-9ae2-c0182fdadd89","conversation_id":null,"itinerary":null} @ webpack-internal:///(app-pages-browser)/./lib/chat-transport.ts:103
[   66910ms] [LOG] [ChatTransport] Received WebSocket response: {"type":"delta","content":"某个","error":null,"message_id":"960b1fb4-ff3d-4aff-9ae2-c0182fdadd89","conversation_id":null,"itinerary":null} @ webpack-internal:///(app-pages-browser)/./lib/chat-transport.ts:103
[   66944ms] [LOG] [ChatTransport] Received WebSocket response: {"type":"delta","content":"城市的","error":null,"message_id":"960b1fb4-ff3d-4aff-9ae2-c0182fdadd89","conversation_id":null,"itinerary":null} @ webpack-internal:///(app-pages-browser)/./lib/chat-transport.ts:103
[   66990ms] [LOG] [ChatTransport] Received WebSocket response: {"type":"delta","content":"旅游","error":null,"message_id":"960b1fb4-ff3d-4aff-9ae2-c0182fdadd89","conversation_id":null,"itinerary":null} @ webpack-internal:///(app-pages-browser)/./lib/chat-transport.ts:103
[   67028ms] [LOG] [ChatTransport] Received WebSocket response: {"type":"delta","content":"信息","error":null,"message_id":"960b1fb4-ff3d-4aff-9ae2-c0182fdadd89","conversation_id":null,"itinerary":null} @ webpack-internal:///(app-pages-browser)/./lib/chat-transport.ts:103
[   67040ms] [LOG] [ChatTransport] Received WebSocket response: {"type":"delta","content":"吗","error":null,"message_id":"960b1fb4-ff3d-4aff-9ae2-c0182fdadd89","conversation_id":null,"itinerary":null} @ webpack-internal:///(app-pages-browser)/./lib/chat-transport.ts:103
[   67072ms] [LOG] [ChatTransport] Received WebSocket response: {"type":"delta","content":"？\n","error":null,"message_id":"960b1fb4-ff3d-4aff-9ae2-c0182fdadd89","conversation_id":null,"itinerary":null} @ webpack-internal:///(app-pages-browser)/./lib/chat-transport.ts:103
[   67075ms] [LOG] [ChatTransport] Received WebSocket response: {"type":"delta","content":"-","error":null,"message_id":"960b1fb4-ff3d-4aff-9ae2-c0182fdadd89","conversation_id":null,"itinerary":null} @ webpack-internal:///(app-pages-browser)/./lib/chat-transport.ts:103
[   67159ms] [LOG] [ChatTransport] Received WebSocket response: {"type":"delta","content":" ","error":null,"message_id":"960b1fb4-ff3d-4aff-9ae2-c0182fdadd89","conversation_id":null,"itinerary":null} @ webpack-internal:///(app-pages-browser)/./lib/chat-transport.ts:103
[   67163ms] [LOG] [ChatTransport] Received WebSocket response: {"type":"delta","content":"需要","error":null,"message_id":"960b1fb4-ff3d-4aff-9ae2-c0182fdadd89","conversation_id":null,"itinerary":null} @ webpack-internal:///(app-pages-browser)/./lib/chat-transport.ts:103
[   67167ms] [LOG] [ChatTransport] Received WebSocket response: {"type":"delta","content":"规划","error":null,"message_id":"960b1fb4-ff3d-4aff-9ae2-c0182fdadd89","conversation_id":null,"itinerary":null} @ webpack-internal:///(app-pages-browser)/./lib/chat-transport.ts:103
[   67191ms] [LOG] [ChatTransport] Received WebSocket response: {"type":"delta","content":"一个","error":null,"message_id":"960b1fb4-ff3d-4aff-9ae2-c0182fdadd89","conversation_id":null,"itinerary":null} @ webpack-internal:///(app-pages-browser)/./lib/chat-transport.ts:103
[   67231ms] [LOG] [ChatTransport] Received WebSocket response: {"type":"delta","content":"旅行","error":null,"message_id":"960b1fb4-ff3d-4aff-9ae2-c0182fdadd89","conversation_id":null,"itinerary":null} @ webpack-internal:///(app-pages-browser)/./lib/chat-transport.ts:103
[   67272ms] [LOG] [ChatTransport] Received WebSocket response: {"type":"delta","content":"行程","error":null,"message_id":"960b1fb4-ff3d-4aff-9ae2-c0182fdadd89","conversation_id":null,"itinerary":null} @ webpack-internal:///(app-pages-browser)/./lib/chat-transport.ts:103
[   67273ms] [LOG] [ChatTransport] Received WebSocket response: {"type":"delta","content":"？\n","error":null,"message_id":"960b1fb4-ff3d-4aff-9ae2-c0182fdadd89","conversation_id":null,"itinerary":null} @ webpack-internal:///(app-pages-browser)/./lib/chat-transport.ts:103
[   67315ms] [LOG] [ChatTransport] Received WebSocket response: {"type":"delta","content":"-","error":null,"message_id":"960b1fb4-ff3d-4aff-9ae2-c0182fdadd89","conversation_id":null,"itinerary":null} @ webpack-internal:///(app-pages-browser)/./lib/chat-transport.ts:103
[   67315ms] [LOG] [ChatTransport] Received WebSocket response: {"type":"delta","content":" ","error":null,"message_id":"960b1fb4-ff3d-4aff-9ae2-c0182fdadd89","conversation_id":null,"itinerary":null} @ webpack-internal:///(app-pages-browser)/./lib/chat-transport.ts:103
[   67361ms] [LOG] [ChatTransport] Received WebSocket response: {"type":"delta","content":"或者","error":null,"message_id":"960b1fb4-ff3d-4aff-9ae2-c0182fdadd89","conversation_id":null,"itinerary":null} @ webpack-internal:///(app-pages-browser)/./lib/chat-transport.ts:103
[   67365ms] [LOG] [ChatTransport] Received WebSocket response: {"type":"delta","content":"有其他","error":null,"message_id":"960b1fb4-ff3d-4aff-9ae2-c0182fdadd89","conversation_id":null,"itinerary":null} @ webpack-internal:///(app-pages-browser)/./lib/chat-transport.ts:103
[   67396ms] [LOG] [ChatTransport] Received WebSocket response: {"type":"delta","content":"旅行","error":null,"message_id":"960b1fb4-ff3d-4aff-9ae2-c0182fdadd89","conversation_id":null,"itinerary":null} @ webpack-internal:///(app-pages-browser)/./lib/chat-transport.ts:103
[   67401ms] [LOG] [ChatTransport] Received WebSocket response: {"type":"delta","content":"相关","error":null,"message_id":"960b1fb4-ff3d-4aff-9ae2-c0182fdadd89","conversation_id":null,"itinerary":null} @ webpack-internal:///(app-pages-browser)/./lib/chat-transport.ts:103
[   67438ms] [LOG] [ChatTransport] Received WebSocket response: {"type":"delta","content":"的问题","error":null,"message_id":"960b1fb4-ff3d-4aff-9ae2-c0182fdadd89","conversation_id":null,"itinerary":null} @ webpack-internal:///(app-pages-browser)/./lib/chat-transport.ts:103
[   67442ms] [LOG] [ChatTransport] Received WebSocket response: {"type":"delta","content":"？\n\n","error":null,"message_id":"960b1fb4-ff3d-4aff-9ae2-c0182fdadd89","conversation_id":null,"itinerary":null} @ webpack-internal:///(app-pages-browser)/./lib/chat-transport.ts:103
[   67480ms] [LOG] [ChatTransport] Received WebSocket response: {"type":"delta","content":"请","error":null,"message_id":"960b1fb4-ff3d-4aff-9ae2-c0182fdadd89","conversation_id":null,"itinerary":null} @ webpack-internal:///(app-pages-browser)/./lib/chat-transport.ts:103
[   67485ms] [LOG] [ChatTransport] Received WebSocket response: {"type":"delta","content":"告诉我","error":null,"message_id":"960b1fb4-ff3d-4aff-9ae2-c0182fdadd89","conversation_id":null,"itinerary":null} @ webpack-internal:///(app-pages-browser)/./lib/chat-transport.ts:103
[   67519ms] [LOG] [ChatTransport] Received WebSocket response: {"type":"delta","content":"你的","error":null,"message_id":"960b1fb4-ff3d-4aff-9ae2-c0182fdadd89","conversation_id":null,"itinerary":null} @ webpack-internal:///(app-pages-browser)/./lib/chat-transport.ts:103
[   67525ms] [LOG] [ChatTransport] Received WebSocket response: {"type":"delta","content":"具体","error":null,"message_id":"960b1fb4-ff3d-4aff-9ae2-c0182fdadd89","conversation_id":null,"itinerary":null} @ webpack-internal:///(app-pages-browser)/./lib/chat-transport.ts:103
[   67564ms] [LOG] [ChatTransport] Received WebSocket response: {"type":"delta","content":"需求","error":null,"message_id":"960b1fb4-ff3d-4aff-9ae2-c0182fdadd89","conversation_id":null,"itinerary":null} @ webpack-internal:///(app-pages-browser)/./lib/chat-transport.ts:103
[   67568ms] [LOG] [ChatTransport] Received WebSocket response: {"type":"delta","content":"，","error":null,"message_id":"960b1fb4-ff3d-4aff-9ae2-c0182fdadd89","conversation_id":null,"itinerary":null} @ webpack-internal:///(app-pages-browser)/./lib/chat-transport.ts:103
[   67622ms] [LOG] [ChatTransport] Received WebSocket response: {"type":"delta","content":"我会","error":null,"message_id":"960b1fb4-ff3d-4aff-9ae2-c0182fdadd89","conversation_id":null,"itinerary":null} @ webpack-internal:///(app-pages-browser)/./lib/chat-transport.ts:103
[   67626ms] [LOG] [ChatTransport] Received WebSocket response: {"type":"delta","content":"为你","error":null,"message_id":"960b1fb4-ff3d-4aff-9ae2-c0182fdadd89","conversation_id":null,"itinerary":null} @ webpack-internal:///(app-pages-browser)/./lib/chat-transport.ts:103
[   67645ms] [LOG] [ChatTransport] Received WebSocket response: {"type":"delta","content":"提供","error":null,"message_id":"960b1fb4-ff3d-4aff-9ae2-c0182fdadd89","conversation_id":null,"itinerary":null} @ webpack-internal:///(app-pages-browser)/./lib/chat-transport.ts:103
[   67650ms] [LOG] [ChatTransport] Received WebSocket response: {"type":"delta","content":"专业的","error":null,"message_id":"960b1fb4-ff3d-4aff-9ae2-c0182fdadd89","conversation_id":null,"itinerary":null} @ webpack-internal:///(app-pages-browser)/./lib/chat-transport.ts:103
[   67688ms] [LOG] [ChatTransport] Received WebSocket response: {"type":"delta","content":"旅游","error":null,"message_id":"960b1fb4-ff3d-4aff-9ae2-c0182fdadd89","conversation_id":null,"itinerary":null} @ webpack-internal:///(app-pages-browser)/./lib/chat-transport.ts:103
[   67726ms] [LOG] [ChatTransport] Received WebSocket response: {"type":"delta","content":"建议","error":null,"message_id":"960b1fb4-ff3d-4aff-9ae2-c0182fdadd89","conversation_id":null,"itinerary":null} @ webpack-internal:///(app-pages-browser)/./lib/chat-transport.ts:103
[   67733ms] [LOG] [ChatTransport] Received WebSocket response: {"type":"delta","content":"和","error":null,"message_id":"960b1fb4-ff3d-4aff-9ae2-c0182fdadd89","conversation_id":null,"itinerary":null} @ webpack-internal:///(app-pages-browser)/./lib/chat-transport.ts:103
[   67824ms] [LOG] [ChatTransport] Received WebSocket response: {"type":"delta","content":"帮助","error":null,"message_id":"960b1fb4-ff3d-4aff-9ae2-c0182fdadd89","conversation_id":null,"itinerary":null} @ webpack-internal:///(app-pages-browser)/./lib/chat-transport.ts:103
[   67829ms] [LOG] [ChatTransport] Received WebSocket response: {"type":"delta","content":"！","error":null,"message_id":"960b1fb4-ff3d-4aff-9ae2-c0182fdadd89","conversation_id":null,"itinerary":null} @ webpack-internal:///(app-pages-browser)/./lib/chat-transport.ts:103
[   67997ms] [LOG] [ChatTransport] Received WebSocket response: {"type":"done","content":"你好！感谢你的第二条消息！😊\n\n看起来我们正在测试会话的连续性。虽然之前的对话内容可能没有完全保留，但我依然在这里为你提供帮助。\n\n**关于会话记忆：**\n- 我能看到这是我们的对话在继续\n- 我可以根据当前对话内容为你提供连贯的服务\n- 如果你有具体的旅行需求，我会全力协助\n\n**现在我能为你做什么？**\n- 你想了解某个城市的旅游信息吗？\n- 需要规划一个旅行行程？\n- 或者有其他旅行相关的问题？\n\n请告诉我你的具体需求，我会为你提供专业的旅游建议和帮助！","error":null,"message_id":"960b1fb4-ff3d-4aff-9ae2-c0182fdadd89","conversation_id":"580bd3af-13c3-4604-893b-0a7c18859997","itinerary":null} @ webpack-internal:///(app-pages-browser)/./lib/chat-transport.ts:103
[   67997ms] [LOG] [ChatTransport] Updated conversation_id: 580bd3af-13c3-4604-893b-0a7c18859997 @ webpack-internal:///(app-pages-browser)/./lib/chat-transport.ts:121
